#
# A fatal error has been detected by the Java Runtime Environment:
#
#  EXCEPTION_ACCESS_VIOLATION (0xc0000005) at pc=0x00007fff50d73f2f, pid=23724, tid=20644
#
# JRE version: OpenJDK Runtime Environment Corretto-11.0.13.8.1 (11.0.13+8) (build 11.0.13+8-LTS)
# Java VM: OpenJDK 64-Bit Server VM Corretto-11.0.13.8.1 (11.0.13+8-LTS, mixed mode, tiered, compressed oops, g1 gc, windows-amd64)
# Problematic frame:
# C  [glfw.dll+0x3f2f]
#
# No core dump will be written. Minidumps are not enabled by default on client versions of Windows
#
# If you would like to submit a bug report, please visit:
#   https://github.com/corretto/corretto-11/issues/
# The crash happened outside the Java Virtual Machine in native code.
# See problematic frame for where to report the bug.
#

---------------  S U M M A R Y ------------

Command Line: -Dfile.encoding=windows-1252 -Duser.country=US -Duser.language=en -Duser.variant -ea Main

Host: AMD Ryzen 9 5900X 12-Core Processor            , 24 cores, 31G,  Windows 10 , 64 bit Build 19041 (10.0.19041.1806)
Time: Thu Aug 11 18:15:56 2022 Eastern Daylight Time elapsed time: 1.903637 seconds (0d 0h 0m 1s)

---------------  T H R E A D  ---------------

Current thread (0x000001e2fbd4d000):  JavaThread "main" [_thread_in_native, id=20644, stack(0x000000496ec00000,0x000000496ed00000)]

Stack: [0x000000496ec00000,0x000000496ed00000],  sp=0x000000496ecff350,  free space=1020k
Native frames: (J=compiled Java code, j=interpreted, Vv=VM code, C=native code)
C  [glfw.dll+0x3f2f]

Java frames: (J=compiled Java code, j=interpreted, Vv=VM code)
j  org.lwjgl.system.JNI.invokePV(JIIJ)V+0
j  org.lwjgl.glfw.GLFW.glfwSetInputMode(JII)V+21
j  Rixx.Window.loop()V+223
j  Rixx.Window.run()V+19
j  Main.main([Ljava/lang/String;)V+5
v  ~StubRoutines::call_stub

siginfo: EXCEPTION_ACCESS_VIOLATION (0xc0000005), reading address 0x0000000000000075


Register to memory mapping:

RIP=0x00007fff50d73f2f glfw.dll
RAX=0x0000000000000001 is an unknown value
RBX=0x0000000000000001 is an unknown value
RCX=0x0000000000000001 is an unknown value
RDX=0x0000000000033001 is an unknown value
RSP=0x000000496ecff350 is pointing into the stack for thread: 0x000001e2fbd4d000
RBP=0x000000496ecff418 is pointing into the stack for thread: 0x000001e2fbd4d000
RSI=0x0000000000000140 is an unknown value
RDI=0x0000000000034002 is an unknown value
R8 =0x0000000000034002 is an unknown value
R9 =0x0000000000033001 is an unknown value
R10=0x000001e28867f748 is at code_begin+1000 in an Interpreter codelet
method entry point (kind = native)  [0x000001e28867f360, 0x000001e28867fe00]  2720 bytes
R11=0x000000061f88eca0 is an oop: java.lang.Class 
{0x000000061f88eca0} - klass: 'java/lang/Class'
R12=0x0 is NULL
R13={method} {0x000001e2afd9c440} 'invokePV' '(JIIJ)V' in 'org/lwjgl/system/JNI'
R14=0x000000496ecff460 is pointing into the stack for thread: 0x000001e2fbd4d000
R15=0x000001e2fbd4d000 is a thread


Registers:
RAX=0x0000000000000001, RBX=0x0000000000000001, RCX=0x0000000000000001, RDX=0x0000000000033001
RSP=0x000000496ecff350, RBP=0x000000496ecff418, RSI=0x0000000000000140, RDI=0x0000000000034002
R8 =0x0000000000034002, R9 =0x0000000000033001, R10=0x000001e28867f748, R11=0x000000061f88eca0
R12=0x0000000000000000, R13=0x000001e2afd9c438, R14=0x000000496ecff460, R15=0x000001e2fbd4d000
RIP=0x00007fff50d73f2f, EFLAGS=0x0000000000010297

Top of Stack: (sp=0x000000496ecff350)
0x000000496ecff350:   000001e2fbd4d000 000000496ecff578
0x000000496ecff360:   000001e2afa52387 0000000000000000
0x000000496ecff370:   00000000000004c6 000001e28867f777
0x000000496ecff380:   000001e2afd9c438 00007fff2ad05a05
0x000000496ecff390:   000001e2afa50040 00000000000000b8
0x000000496ecff3a0:   0000000000034002 00007fff50d73ee0
0x000000496ecff3b0:   000001e2afd9bb78 00007fff502f0000
0x000000496ecff3c0:   000001e2fbd4d000 00007fff2af63acf
0x000000496ecff3d0:   000000496ecff3d0 0000000000000000
0x000000496ecff3e0:   000000496ecff460 000001e2afdc7460
0x000000496ecff3f0:   0000000000000000 000000061f88eca0
0x000000496ecff400:   000001e2afd9c438 0000000000000000
0x000000496ecff410:   000000496ecff438 000000496ecff4b0
0x000000496ecff420:   000001e28867a527 000000061f88eca0
0x000000496ecff430:   000001e28867c6f8 00007fff50d73ee0
0x000000496ecff440:   0000000000000000 0000000000034002 

Instructions: (pc=0x00007fff50d73f2f)
0x00007fff50d73e2f:   04 00 66 49 0f 7e f9 0f 28 d6 66 49 0f 7e f0 b9
0x00007fff50d73e3f:   04 00 01 00 e8 18 de ff ff 0f 28 74 24 30 0f 28
0x00007fff50d73e4f:   7c 24 20 48 83 c4 40 5b c3 cc cc cc cc cc cc cc
0x00007fff50d73e5f:   cc 48 83 ec 28 83 3d 85 3c 05 00 00 75 13 33 d2
0x00007fff50d73e6f:   b9 01 00 01 00 e8 e7 dd ff ff 33 c0 48 83 c4 28
0x00007fff50d73e7f:   c3 48 8b 81 10 03 00 00 48 89 91 10 03 00 00 48
0x00007fff50d73e8f:   83 c4 28 c3 cc cc cc cc cc cc cc cc cc cc cc cc
0x00007fff50d73e9f:   cc 48 83 ec 28 83 3d 45 3c 05 00 00 75 13 33 d2
0x00007fff50d73eaf:   b9 01 00 01 00 e8 a7 dd ff ff 33 c0 48 83 c4 28
0x00007fff50d73ebf:   c3 48 8b 81 40 03 00 00 48 89 91 40 03 00 00 48
0x00007fff50d73ecf:   83 c4 28 c3 cc cc cc cc cc cc cc cc cc cc cc cc
0x00007fff50d73edf:   cc 48 89 5c 24 08 57 48 83 ec 20 83 3d ff 3b 05
0x00007fff50d73eef:   00 00 41 8b f8 48 8b d9 75 16 33 d2 b9 01 00 01
0x00007fff50d73eff:   00 48 8b 5c 24 30 48 83 c4 20 5f e9 51 dd ff ff
0x00007fff50d73f0f:   81 fa 01 30 03 00 75 4b 41 8d 80 ff bf fc ff 83
0x00007fff50d73f1f:   f8 02 76 0c 48 8d 15 36 1d 04 00 e9 74 01 00 00
0x00007fff50d73f2f:   39 79 74 0f 84 75 01 00 00 4c 8d 81 e8 01 00 00
0x00007fff50d73f3f:   89 79 74 48 8d 91 e0 01 00 00 e8 e2 71 00 00 8b
0x00007fff50d73f4f:   d7 48 8b cb 48 8b 5c 24 30 48 83 c4 20 5f e9 3e
0x00007fff50d73f5f:   7a 00 00 81 fa 02 30 03 00 75 45 33 d2 85 ff 0f
0x00007fff50d73f6f:   95 c2 39 51 68 0f 84 33 01 00 00 85 ff 75 23 48
0x00007fff50d73f7f:   8d 81 80 00 00 00 b9 5d 01 00 00 66 0f 1f 44 00
0x00007fff50d73f8f:   00 80 38 03 75 03 c6 00 00 48 ff c0 48 83 e9 01
0x00007fff50d73f9f:   75 ef 89 53 68 48 8b 5c 24 30 48 83 c4 20 5f c3
0x00007fff50d73faf:   81 fa 03 30 03 00 75 72 33 d2 85 ff 0f 95 c2 39
0x00007fff50d73fbf:   51 6c 0f 84 e6 00 00 00 85 ff 75 50 80 79 78 03
0x00007fff50d73fcf:   75 04 40 88 79 78 80 79 79 03 75 04 c6 41 79 00
0x00007fff50d73fdf:   80 79 7a 03 75 04 c6 41 7a 00 80 79 7b 03 75 04
0x00007fff50d73fef:   c6 41 7b 00 80 79 7c 03 75 04 c6 41 7c 00 80 79
0x00007fff50d73fff:   7d 03 75 04 c6 41 7d 00 80 79 7e 03 75 04 c6 41
0x00007fff50d7400f:   7e 00 80 79 7f 03 75 04 c6 41 7f 00 89 51 6c 48
0x00007fff50d7401f:   8b 5c 24 30 48 83 c4 20 5f c3 81 fa 04 30 03 00 


Stack slot to memory mapping:
stack at sp + 0 slots: 0x000001e2fbd4d000 is a thread
stack at sp + 1 slots: 0x000000496ecff578 is pointing into the stack for thread: 0x000001e2fbd4d000
stack at sp + 2 slots: 0x000001e2afa52387 is pointing into metadata
stack at sp + 3 slots: 0x0 is NULL
stack at sp + 4 slots: 0x00000000000004c6 is an unknown value
stack at sp + 5 slots: 0x000001e28867f777 is at code_begin+1047 in an Interpreter codelet
method entry point (kind = native)  [0x000001e28867f360, 0x000001e28867fe00]  2720 bytes
stack at sp + 6 slots: {method} {0x000001e2afd9c440} 'invokePV' '(JIIJ)V' in 'org/lwjgl/system/JNI'
stack at sp + 7 slots: 0x00007fff2ad05a05 jvm.dll


---------------  P R O C E S S  ---------------

Threads class SMR info:
_java_thread_list=0x000001e2b339e210, length=17, elements={
0x000001e2fbd4d000, 0x000001e2af3c2000, 0x000001e2af3f5000, 0x000001e2af443800,
0x000001e2af444000, 0x000001e2af445000, 0x000001e2af450000, 0x000001e2af457800,
0x000001e2af463800, 0x000001e2af57d000, 0x000001e2af5ef000, 0x000001e2b0419000,
0x000001e2b2e07000, 0x000001e2b2ef4800, 0x000001e2b3333800, 0x000001e2b339e800,
0x000001e2b2e9c800
}

Java Threads: ( => current thread )
=>0x000001e2fbd4d000 JavaThread "main" [_thread_in_native, id=20644, stack(0x000000496ec00000,0x000000496ed00000)]
  0x000001e2af3c2000 JavaThread "Reference Handler" daemon [_thread_blocked, id=21040, stack(0x000000496f300000,0x000000496f400000)]
  0x000001e2af3f5000 JavaThread "Finalizer" daemon [_thread_blocked, id=27180, stack(0x000000496f400000,0x000000496f500000)]
  0x000001e2af443800 JavaThread "Signal Dispatcher" daemon [_thread_blocked, id=17632, stack(0x000000496f500000,0x000000496f600000)]
  0x000001e2af444000 JavaThread "Attach Listener" daemon [_thread_blocked, id=23628, stack(0x000000496f600000,0x000000496f700000)]
  0x000001e2af445000 JavaThread "Service Thread" daemon [_thread_blocked, id=28480, stack(0x000000496f700000,0x000000496f800000)]
  0x000001e2af450000 JavaThread "C2 CompilerThread0" daemon [_thread_blocked, id=29700, stack(0x000000496f800000,0x000000496f900000)]
  0x000001e2af457800 JavaThread "C1 CompilerThread0" daemon [_thread_blocked, id=30700, stack(0x000000496f900000,0x000000496fa00000)]
  0x000001e2af463800 JavaThread "Sweeper thread" daemon [_thread_blocked, id=17576, stack(0x000000496fa00000,0x000000496fb00000)]
  0x000001e2af57d000 JavaThread "C1 CompilerThread1" daemon [_thread_blocked, id=29944, stack(0x000000496fb00000,0x000000496fc00000)]
  0x000001e2af5ef000 JavaThread "Common-Cleaner" daemon [_thread_blocked, id=19540, stack(0x000000496fd00000,0x000000496fe00000)]
  0x000001e2b0419000 JavaThread "C1 CompilerThread2" daemon [_thread_blocked, id=23600, stack(0x000000496ff00000,0x0000004970000000)]
  0x000001e2b2e07000 JavaThread "C2 CompilerThread1" daemon [_thread_blocked, id=10364, stack(0x0000004970a00000,0x0000004970b00000)]
  0x000001e2b2ef4800 JavaThread "C2 CompilerThread2" daemon [_thread_blocked, id=18312, stack(0x0000004971600000,0x0000004971700000)]
  0x000001e2b3333800 JavaThread "C2 CompilerThread3" daemon [_thread_blocked, id=12756, stack(0x0000004971700000,0x0000004971800000)]
  0x000001e2b339e800 JavaThread "C2 CompilerThread4" daemon [_thread_blocked, id=30320, stack(0x0000004971800000,0x0000004971900000)]
  0x000001e2b2e9c800 JavaThread "C2 CompilerThread5" daemon [_thread_blocked, id=4824, stack(0x0000004971900000,0x0000004971a00000)]

Other Threads:
  0x000001e2af3c0800 VMThread "VM Thread" [stack: 0x000000496f200000,0x000000496f300000] [id=8436]
  0x000001e2af5c9800 WatcherThread [stack: 0x000000496fc00000,0x000000496fd00000] [id=21636]
  0x000001e2fbd66800 GCTaskThread "GC Thread#0" [stack: 0x000000496ed00000,0x000000496ee00000] [id=4992]
  0x000001e2b2dc6000 GCTaskThread "GC Thread#1" [stack: 0x0000004970b00000,0x0000004970c00000] [id=27724]
  0x000001e2b2d5a800 GCTaskThread "GC Thread#2" [stack: 0x0000004970c00000,0x0000004970d00000] [id=1572]
  0x000001e2b2e3d800 GCTaskThread "GC Thread#3" [stack: 0x0000004970d00000,0x0000004970e00000] [id=27684]
  0x000001e2b2e3e800 GCTaskThread "GC Thread#4" [stack: 0x0000004970e00000,0x0000004970f00000] [id=13836]
  0x000001e2b2d9d800 GCTaskThread "GC Thread#5" [stack: 0x0000004970f00000,0x0000004971000000] [id=14440]
  0x000001e2b2da2800 GCTaskThread "GC Thread#6" [stack: 0x0000004971000000,0x0000004971100000] [id=2304]
  0x000001e2b2da5800 GCTaskThread "GC Thread#7" [stack: 0x0000004971100000,0x0000004971200000] [id=30516]
  0x000001e2b2dab000 GCTaskThread "GC Thread#8" [stack: 0x0000004971200000,0x0000004971300000] [id=11500]
  0x000001e2b2db0800 GCTaskThread "GC Thread#9" [stack: 0x0000004971300000,0x0000004971400000] [id=14592]
  0x000001e2b2db1800 GCTaskThread "GC Thread#10" [stack: 0x0000004971400000,0x0000004971500000] [id=25472]
  0x000001e2b2ded800 GCTaskThread "GC Thread#11" [stack: 0x0000004971500000,0x0000004971600000] [id=22932]
  0x000001e2fbdea800 ConcurrentGCThread "G1 Main Marker" [stack: 0x000000496ee00000,0x000000496ef00000] [id=3664]
  0x000001e2fbdec000 ConcurrentGCThread "G1 Conc#0" [stack: 0x000000496ef00000,0x000000496f000000] [id=10884]
  0x000001e2aeee7800 ConcurrentGCThread "G1 Refine#0" [stack: 0x000000496f000000,0x000000496f100000] [id=28576]
  0x000001e2aeeea000 ConcurrentGCThread "G1 Young RemSet Sampling" [stack: 0x000000496f100000,0x000000496f200000] [id=30056]

Threads with active compile tasks:

VM state:not at safepoint (normal execution)

VM Mutex/Monitor currently owned by a thread: None

Heap address: 0x0000000601200000, size: 8174 MB, Compressed Oops mode: Zero based, Oop shift amount: 3
Narrow klass base: 0x0000000800000000, Narrow klass shift: 0
Compressed class space size: 1073741824 Address: 0x0000000800000000

Heap:
 garbage-first heap   total 524288K, used 163913K [0x0000000601200000, 0x0000000800000000)
  region size 2048K, 76 young (155648K), 2 survivors (4096K)
 Metaspace       used 18194K, capacity 18508K, committed 18560K, reserved 1067008K
  class space    used 1287K, capacity 1374K, committed 1408K, reserved 1048576K
Heap Regions: E=young(eden), S=young(survivor), O=old, HS=humongous(starts), HC=humongous(continues), CS=collection set, F=free, A=archive, TAMS=top-at-mark-start (previous, next)
|   0|0x0000000601200000, 0x0000000601400000, 0x0000000601400000|100%|HS|  |TAMS 0x0000000601200000, 0x0000000601200000| Complete 
|   1|0x0000000601400000, 0x0000000601600000, 0x0000000601600000|100%|HC|  |TAMS 0x0000000601400000, 0x0000000601400000| Complete 
|   2|0x0000000601600000, 0x0000000601800000, 0x0000000601800000|100%|HC|  |TAMS 0x0000000601600000, 0x0000000601600000| Complete 
|   3|0x0000000601800000, 0x0000000601a00000, 0x0000000601a00000|100%|HS|  |TAMS 0x0000000601800000, 0x0000000601800000| Complete 
|   4|0x0000000601a00000, 0x0000000601c00000, 0x0000000601c00000|100%|HC|  |TAMS 0x0000000601a00000, 0x0000000601a00000| Complete 
|   5|0x0000000601c00000, 0x0000000601e00000, 0x0000000601e00000|100%|HC|  |TAMS 0x0000000601c00000, 0x0000000601c00000| Complete 
|   6|0x0000000601e00000, 0x0000000601e00000, 0x0000000602000000|  0%| F|  |TAMS 0x0000000601e00000, 0x0000000601e00000| Untracked 
|   7|0x0000000602000000, 0x0000000602000000, 0x0000000602200000|  0%| F|  |TAMS 0x0000000602000000, 0x0000000602000000| Untracked 
|   8|0x0000000602200000, 0x0000000602200000, 0x0000000602400000|  0%| F|  |TAMS 0x0000000602200000, 0x0000000602200000| Untracked 
|   9|0x0000000602400000, 0x0000000602400000, 0x0000000602600000|  0%| F|  |TAMS 0x0000000602400000, 0x0000000602400000| Untracked 
|  10|0x0000000602600000, 0x0000000602600000, 0x0000000602800000|  0%| F|  |TAMS 0x0000000602600000, 0x0000000602600000| Untracked 
|  11|0x0000000602800000, 0x0000000602800000, 0x0000000602a00000|  0%| F|  |TAMS 0x0000000602800000, 0x0000000602800000| Untracked 
|  12|0x0000000602a00000, 0x0000000602a00000, 0x0000000602c00000|  0%| F|  |TAMS 0x0000000602a00000, 0x0000000602a00000| Untracked 
|  13|0x0000000602c00000, 0x0000000602c00000, 0x0000000602e00000|  0%| F|  |TAMS 0x0000000602c00000, 0x0000000602c00000| Untracked 
|  14|0x0000000602e00000, 0x0000000602e00000, 0x0000000603000000|  0%| F|  |TAMS 0x0000000602e00000, 0x0000000602e00000| Untracked 
|  15|0x0000000603000000, 0x0000000603000000, 0x0000000603200000|  0%| F|  |TAMS 0x0000000603000000, 0x0000000603000000| Untracked 
|  16|0x0000000603200000, 0x0000000603200000, 0x0000000603400000|  0%| F|  |TAMS 0x0000000603200000, 0x0000000603200000| Untracked 
|  17|0x0000000603400000, 0x0000000603400000, 0x0000000603600000|  0%| F|  |TAMS 0x0000000603400000, 0x0000000603400000| Untracked 
|  18|0x0000000603600000, 0x0000000603600000, 0x0000000603800000|  0%| F|  |TAMS 0x0000000603600000, 0x0000000603600000| Untracked 
|  19|0x0000000603800000, 0x0000000603800000, 0x0000000603a00000|  0%| F|  |TAMS 0x0000000603800000, 0x0000000603800000| Untracked 
|  20|0x0000000603a00000, 0x0000000603a00000, 0x0000000603c00000|  0%| F|  |TAMS 0x0000000603a00000, 0x0000000603a00000| Untracked 
|  21|0x0000000603c00000, 0x0000000603c00000, 0x0000000603e00000|  0%| F|  |TAMS 0x0000000603c00000, 0x0000000603c00000| Untracked 
|  22|0x0000000603e00000, 0x0000000603e00000, 0x0000000604000000|  0%| F|  |TAMS 0x0000000603e00000, 0x0000000603e00000| Untracked 
|  23|0x0000000604000000, 0x0000000604000000, 0x0000000604200000|  0%| F|  |TAMS 0x0000000604000000, 0x0000000604000000| Untracked 
|  24|0x0000000604200000, 0x0000000604200000, 0x0000000604400000|  0%| F|  |TAMS 0x0000000604200000, 0x0000000604200000| Untracked 
|  25|0x0000000604400000, 0x0000000604400000, 0x0000000604600000|  0%| F|  |TAMS 0x0000000604400000, 0x0000000604400000| Untracked 
|  26|0x0000000604600000, 0x0000000604600000, 0x0000000604800000|  0%| F|  |TAMS 0x0000000604600000, 0x0000000604600000| Untracked 
|  27|0x0000000604800000, 0x0000000604800000, 0x0000000604a00000|  0%| F|  |TAMS 0x0000000604800000, 0x0000000604800000| Untracked 
|  28|0x0000000604a00000, 0x0000000604a00000, 0x0000000604c00000|  0%| F|  |TAMS 0x0000000604a00000, 0x0000000604a00000| Untracked 
|  29|0x0000000604c00000, 0x0000000604c00000, 0x0000000604e00000|  0%| F|  |TAMS 0x0000000604c00000, 0x0000000604c00000| Untracked 
|  30|0x0000000604e00000, 0x0000000604e00000, 0x0000000605000000|  0%| F|  |TAMS 0x0000000604e00000, 0x0000000604e00000| Untracked 
|  31|0x0000000605000000, 0x0000000605000000, 0x0000000605200000|  0%| F|  |TAMS 0x0000000605000000, 0x0000000605000000| Untracked 
|  32|0x0000000605200000, 0x0000000605200000, 0x0000000605400000|  0%| F|  |TAMS 0x0000000605200000, 0x0000000605200000| Untracked 
|  33|0x0000000605400000, 0x0000000605400000, 0x0000000605600000|  0%| F|  |TAMS 0x0000000605400000, 0x0000000605400000| Untracked 
|  34|0x0000000605600000, 0x0000000605600000, 0x0000000605800000|  0%| F|  |TAMS 0x0000000605600000, 0x0000000605600000| Untracked 
|  35|0x0000000605800000, 0x0000000605800000, 0x0000000605a00000|  0%| F|  |TAMS 0x0000000605800000, 0x0000000605800000| Untracked 
|  36|0x0000000605a00000, 0x0000000605a00000, 0x0000000605c00000|  0%| F|  |TAMS 0x0000000605a00000, 0x0000000605a00000| Untracked 
|  37|0x0000000605c00000, 0x0000000605c00000, 0x0000000605e00000|  0%| F|  |TAMS 0x0000000605c00000, 0x0000000605c00000| Untracked 
|  38|0x0000000605e00000, 0x0000000605e00000, 0x0000000606000000|  0%| F|  |TAMS 0x0000000605e00000, 0x0000000605e00000| Untracked 
|  39|0x0000000606000000, 0x0000000606000000, 0x0000000606200000|  0%| F|  |TAMS 0x0000000606000000, 0x0000000606000000| Untracked 
|  40|0x0000000606200000, 0x0000000606200000, 0x0000000606400000|  0%| F|  |TAMS 0x0000000606200000, 0x0000000606200000| Untracked 
|  41|0x0000000606400000, 0x0000000606400000, 0x0000000606600000|  0%| F|  |TAMS 0x0000000606400000, 0x0000000606400000| Untracked 
|  42|0x0000000606600000, 0x0000000606600000, 0x0000000606800000|  0%| F|  |TAMS 0x0000000606600000, 0x0000000606600000| Untracked 
|  43|0x0000000606800000, 0x0000000606800000, 0x0000000606a00000|  0%| F|  |TAMS 0x0000000606800000, 0x0000000606800000| Untracked 
|  44|0x0000000606a00000, 0x0000000606a00000, 0x0000000606c00000|  0%| F|  |TAMS 0x0000000606a00000, 0x0000000606a00000| Untracked 
|  45|0x0000000606c00000, 0x0000000606c00000, 0x0000000606e00000|  0%| F|  |TAMS 0x0000000606c00000, 0x0000000606c00000| Untracked 
|  46|0x0000000606e00000, 0x0000000606e00000, 0x0000000607000000|  0%| F|  |TAMS 0x0000000606e00000, 0x0000000606e00000| Untracked 
|  47|0x0000000607000000, 0x0000000607000000, 0x0000000607200000|  0%| F|  |TAMS 0x0000000607000000, 0x0000000607000000| Untracked 
|  48|0x0000000607200000, 0x0000000607200000, 0x0000000607400000|  0%| F|  |TAMS 0x0000000607200000, 0x0000000607200000| Untracked 
|  49|0x0000000607400000, 0x0000000607400000, 0x0000000607600000|  0%| F|  |TAMS 0x0000000607400000, 0x0000000607400000| Untracked 
|  50|0x0000000607600000, 0x0000000607600000, 0x0000000607800000|  0%| F|  |TAMS 0x0000000607600000, 0x0000000607600000| Untracked 
|  51|0x0000000607800000, 0x0000000607800000, 0x0000000607a00000|  0%| F|  |TAMS 0x0000000607800000, 0x0000000607800000| Untracked 
|  52|0x0000000607a00000, 0x0000000607a00000, 0x0000000607c00000|  0%| F|  |TAMS 0x0000000607a00000, 0x0000000607a00000| Untracked 
|  53|0x0000000607c00000, 0x0000000607c00000, 0x0000000607e00000|  0%| F|  |TAMS 0x0000000607c00000, 0x0000000607c00000| Untracked 
|  54|0x0000000607e00000, 0x0000000607e00000, 0x0000000608000000|  0%| F|  |TAMS 0x0000000607e00000, 0x0000000607e00000| Untracked 
|  55|0x0000000608000000, 0x0000000608000000, 0x0000000608200000|  0%| F|  |TAMS 0x0000000608000000, 0x0000000608000000| Untracked 
|  56|0x0000000608200000, 0x0000000608200000, 0x0000000608400000|  0%| F|  |TAMS 0x0000000608200000, 0x0000000608200000| Untracked 
|  57|0x0000000608400000, 0x0000000608400000, 0x0000000608600000|  0%| F|  |TAMS 0x0000000608400000, 0x0000000608400000| Untracked 
|  58|0x0000000608600000, 0x0000000608600000, 0x0000000608800000|  0%| F|  |TAMS 0x0000000608600000, 0x0000000608600000| Untracked 
|  59|0x0000000608800000, 0x0000000608800000, 0x0000000608a00000|  0%| F|  |TAMS 0x0000000608800000, 0x0000000608800000| Untracked 
|  60|0x0000000608a00000, 0x0000000608a00000, 0x0000000608c00000|  0%| F|  |TAMS 0x0000000608a00000, 0x0000000608a00000| Untracked 
|  61|0x0000000608c00000, 0x0000000608c00000, 0x0000000608e00000|  0%| F|  |TAMS 0x0000000608c00000, 0x0000000608c00000| Untracked 
|  62|0x0000000608e00000, 0x0000000608e00000, 0x0000000609000000|  0%| F|  |TAMS 0x0000000608e00000, 0x0000000608e00000| Untracked 
|  63|0x0000000609000000, 0x0000000609000000, 0x0000000609200000|  0%| F|  |TAMS 0x0000000609000000, 0x0000000609000000| Untracked 
|  64|0x0000000609200000, 0x0000000609200000, 0x0000000609400000|  0%| F|  |TAMS 0x0000000609200000, 0x0000000609200000| Untracked 
|  65|0x0000000609400000, 0x0000000609400000, 0x0000000609600000|  0%| F|  |TAMS 0x0000000609400000, 0x0000000609400000| Untracked 
|  66|0x0000000609600000, 0x0000000609600000, 0x0000000609800000|  0%| F|  |TAMS 0x0000000609600000, 0x0000000609600000| Untracked 
|  67|0x0000000609800000, 0x0000000609800000, 0x0000000609a00000|  0%| F|  |TAMS 0x0000000609800000, 0x0000000609800000| Untracked 
|  68|0x0000000609a00000, 0x0000000609a00000, 0x0000000609c00000|  0%| F|  |TAMS 0x0000000609a00000, 0x0000000609a00000| Untracked 
|  69|0x0000000609c00000, 0x0000000609c00000, 0x0000000609e00000|  0%| F|  |TAMS 0x0000000609c00000, 0x0000000609c00000| Untracked 
|  70|0x0000000609e00000, 0x0000000609e00000, 0x000000060a000000|  0%| F|  |TAMS 0x0000000609e00000, 0x0000000609e00000| Untracked 
|  71|0x000000060a000000, 0x000000060a000000, 0x000000060a200000|  0%| F|  |TAMS 0x000000060a000000, 0x000000060a000000| Untracked 
|  72|0x000000060a200000, 0x000000060a200000, 0x000000060a400000|  0%| F|  |TAMS 0x000000060a200000, 0x000000060a200000| Untracked 
|  73|0x000000060a400000, 0x000000060a400000, 0x000000060a600000|  0%| F|  |TAMS 0x000000060a400000, 0x000000060a400000| Untracked 
|  74|0x000000060a600000, 0x000000060a600000, 0x000000060a800000|  0%| F|  |TAMS 0x000000060a600000, 0x000000060a600000| Untracked 
|  75|0x000000060a800000, 0x000000060a800000, 0x000000060aa00000|  0%| F|  |TAMS 0x000000060a800000, 0x000000060a800000| Untracked 
|  76|0x000000060aa00000, 0x000000060aa00000, 0x000000060ac00000|  0%| F|  |TAMS 0x000000060aa00000, 0x000000060aa00000| Untracked 
|  77|0x000000060ac00000, 0x000000060ac00000, 0x000000060ae00000|  0%| F|  |TAMS 0x000000060ac00000, 0x000000060ac00000| Untracked 
|  78|0x000000060ae00000, 0x000000060ae00000, 0x000000060b000000|  0%| F|  |TAMS 0x000000060ae00000, 0x000000060ae00000| Untracked 
|  79|0x000000060b000000, 0x000000060b000000, 0x000000060b200000|  0%| F|  |TAMS 0x000000060b000000, 0x000000060b000000| Untracked 
|  80|0x000000060b200000, 0x000000060b200000, 0x000000060b400000|  0%| F|  |TAMS 0x000000060b200000, 0x000000060b200000| Untracked 
|  81|0x000000060b400000, 0x000000060b400000, 0x000000060b600000|  0%| F|  |TAMS 0x000000060b400000, 0x000000060b400000| Untracked 
|  82|0x000000060b600000, 0x000000060b600000, 0x000000060b800000|  0%| F|  |TAMS 0x000000060b600000, 0x000000060b600000| Untracked 
|  83|0x000000060b800000, 0x000000060b800000, 0x000000060ba00000|  0%| F|  |TAMS 0x000000060b800000, 0x000000060b800000| Untracked 
|  84|0x000000060ba00000, 0x000000060ba00000, 0x000000060bc00000|  0%| F|  |TAMS 0x000000060ba00000, 0x000000060ba00000| Untracked 
|  85|0x000000060bc00000, 0x000000060bc00000, 0x000000060be00000|  0%| F|  |TAMS 0x000000060bc00000, 0x000000060bc00000| Untracked 
|  86|0x000000060be00000, 0x000000060be00000, 0x000000060c000000|  0%| F|  |TAMS 0x000000060be00000, 0x000000060be00000| Untracked 
|  87|0x000000060c000000, 0x000000060c000000, 0x000000060c200000|  0%| F|  |TAMS 0x000000060c000000, 0x000000060c000000| Untracked 
|  88|0x000000060c200000, 0x000000060c200000, 0x000000060c400000|  0%| F|  |TAMS 0x000000060c200000, 0x000000060c200000| Untracked 
|  89|0x000000060c400000, 0x000000060c400000, 0x000000060c600000|  0%| F|  |TAMS 0x000000060c400000, 0x000000060c400000| Untracked 
|  90|0x000000060c600000, 0x000000060c600000, 0x000000060c800000|  0%| F|  |TAMS 0x000000060c600000, 0x000000060c600000| Untracked 
|  91|0x000000060c800000, 0x000000060c800000, 0x000000060ca00000|  0%| F|  |TAMS 0x000000060c800000, 0x000000060c800000| Untracked 
|  92|0x000000060ca00000, 0x000000060ca00000, 0x000000060cc00000|  0%| F|  |TAMS 0x000000060ca00000, 0x000000060ca00000| Untracked 
|  93|0x000000060cc00000, 0x000000060cc00000, 0x000000060ce00000|  0%| F|  |TAMS 0x000000060cc00000, 0x000000060cc00000| Untracked 
|  94|0x000000060ce00000, 0x000000060ce00000, 0x000000060d000000|  0%| F|  |TAMS 0x000000060ce00000, 0x000000060ce00000| Untracked 
|  95|0x000000060d000000, 0x000000060d000000, 0x000000060d200000|  0%| F|  |TAMS 0x000000060d000000, 0x000000060d000000| Untracked 
|  96|0x000000060d200000, 0x000000060d200000, 0x000000060d400000|  0%| F|  |TAMS 0x000000060d200000, 0x000000060d200000| Untracked 
|  97|0x000000060d400000, 0x000000060d400000, 0x000000060d600000|  0%| F|  |TAMS 0x000000060d400000, 0x000000060d400000| Untracked 
|  98|0x000000060d600000, 0x000000060d600000, 0x000000060d800000|  0%| F|  |TAMS 0x000000060d600000, 0x000000060d600000| Untracked 
|  99|0x000000060d800000, 0x000000060d800000, 0x000000060da00000|  0%| F|  |TAMS 0x000000060d800000, 0x000000060d800000| Untracked 
| 100|0x000000060da00000, 0x000000060da00000, 0x000000060dc00000|  0%| F|  |TAMS 0x000000060da00000, 0x000000060da00000| Untracked 
| 101|0x000000060dc00000, 0x000000060dc00000, 0x000000060de00000|  0%| F|  |TAMS 0x000000060dc00000, 0x000000060dc00000| Untracked 
| 102|0x000000060de00000, 0x000000060de00000, 0x000000060e000000|  0%| F|  |TAMS 0x000000060de00000, 0x000000060de00000| Untracked 
| 103|0x000000060e000000, 0x000000060e000000, 0x000000060e200000|  0%| F|  |TAMS 0x000000060e000000, 0x000000060e000000| Untracked 
| 104|0x000000060e200000, 0x000000060e200000, 0x000000060e400000|  0%| F|  |TAMS 0x000000060e200000, 0x000000060e200000| Untracked 
| 105|0x000000060e400000, 0x000000060e400000, 0x000000060e600000|  0%| F|  |TAMS 0x000000060e400000, 0x000000060e400000| Untracked 
| 106|0x000000060e600000, 0x000000060e600000, 0x000000060e800000|  0%| F|  |TAMS 0x000000060e600000, 0x000000060e600000| Untracked 
| 107|0x000000060e800000, 0x000000060e800000, 0x000000060ea00000|  0%| F|  |TAMS 0x000000060e800000, 0x000000060e800000| Untracked 
| 108|0x000000060ea00000, 0x000000060ea00000, 0x000000060ec00000|  0%| F|  |TAMS 0x000000060ea00000, 0x000000060ea00000| Untracked 
| 109|0x000000060ec00000, 0x000000060ec00000, 0x000000060ee00000|  0%| F|  |TAMS 0x000000060ec00000, 0x000000060ec00000| Untracked 
| 110|0x000000060ee00000, 0x000000060ee00000, 0x000000060f000000|  0%| F|  |TAMS 0x000000060ee00000, 0x000000060ee00000| Untracked 
| 111|0x000000060f000000, 0x000000060f000000, 0x000000060f200000|  0%| F|  |TAMS 0x000000060f000000, 0x000000060f000000| Untracked 
| 112|0x000000060f200000, 0x000000060f200000, 0x000000060f400000|  0%| F|  |TAMS 0x000000060f200000, 0x000000060f200000| Untracked 
| 113|0x000000060f400000, 0x000000060f400000, 0x000000060f600000|  0%| F|  |TAMS 0x000000060f400000, 0x000000060f400000| Untracked 
| 114|0x000000060f600000, 0x000000060f600000, 0x000000060f800000|  0%| F|  |TAMS 0x000000060f600000, 0x000000060f600000| Untracked 
| 115|0x000000060f800000, 0x000000060f800000, 0x000000060fa00000|  0%| F|  |TAMS 0x000000060f800000, 0x000000060f800000| Untracked 
| 116|0x000000060fa00000, 0x000000060fa00000, 0x000000060fc00000|  0%| F|  |TAMS 0x000000060fa00000, 0x000000060fa00000| Untracked 
| 117|0x000000060fc00000, 0x000000060fc00000, 0x000000060fe00000|  0%| F|  |TAMS 0x000000060fc00000, 0x000000060fc00000| Untracked 
| 118|0x000000060fe00000, 0x000000060fe00000, 0x0000000610000000|  0%| F|  |TAMS 0x000000060fe00000, 0x000000060fe00000| Untracked 
| 119|0x0000000610000000, 0x0000000610000000, 0x0000000610200000|  0%| F|  |TAMS 0x0000000610000000, 0x0000000610000000| Untracked 
| 120|0x0000000610200000, 0x0000000610200000, 0x0000000610400000|  0%| F|  |TAMS 0x0000000610200000, 0x0000000610200000| Untracked 
| 121|0x0000000610400000, 0x0000000610400000, 0x0000000610600000|  0%| F|  |TAMS 0x0000000610400000, 0x0000000610400000| Untracked 
| 122|0x0000000610600000, 0x0000000610600000, 0x0000000610800000|  0%| F|  |TAMS 0x0000000610600000, 0x0000000610600000| Untracked 
| 123|0x0000000610800000, 0x0000000610800000, 0x0000000610a00000|  0%| F|  |TAMS 0x0000000610800000, 0x0000000610800000| Untracked 
| 124|0x0000000610a00000, 0x0000000610a00000, 0x0000000610c00000|  0%| F|  |TAMS 0x0000000610a00000, 0x0000000610a00000| Untracked 
| 125|0x0000000610c00000, 0x0000000610c00000, 0x0000000610e00000|  0%| F|  |TAMS 0x0000000610c00000, 0x0000000610c00000| Untracked 
| 126|0x0000000610e00000, 0x0000000610e00000, 0x0000000611000000|  0%| F|  |TAMS 0x0000000610e00000, 0x0000000610e00000| Untracked 
| 127|0x0000000611000000, 0x0000000611000000, 0x0000000611200000|  0%| F|  |TAMS 0x0000000611000000, 0x0000000611000000| Untracked 
| 128|0x0000000611200000, 0x0000000611200000, 0x0000000611400000|  0%| F|  |TAMS 0x0000000611200000, 0x0000000611200000| Untracked 
| 129|0x0000000611400000, 0x0000000611400000, 0x0000000611600000|  0%| F|  |TAMS 0x0000000611400000, 0x0000000611400000| Untracked 
| 130|0x0000000611600000, 0x0000000611600000, 0x0000000611800000|  0%| F|  |TAMS 0x0000000611600000, 0x0000000611600000| Untracked 
| 131|0x0000000611800000, 0x0000000611800000, 0x0000000611a00000|  0%| F|  |TAMS 0x0000000611800000, 0x0000000611800000| Untracked 
| 132|0x0000000611a00000, 0x0000000611a00000, 0x0000000611c00000|  0%| F|  |TAMS 0x0000000611a00000, 0x0000000611a00000| Untracked 
| 133|0x0000000611c00000, 0x0000000611c00000, 0x0000000611e00000|  0%| F|  |TAMS 0x0000000611c00000, 0x0000000611c00000| Untracked 
| 134|0x0000000611e00000, 0x0000000611e00000, 0x0000000612000000|  0%| F|  |TAMS 0x0000000611e00000, 0x0000000611e00000| Untracked 
| 135|0x0000000612000000, 0x0000000612000000, 0x0000000612200000|  0%| F|  |TAMS 0x0000000612000000, 0x0000000612000000| Untracked 
| 136|0x0000000612200000, 0x0000000612200000, 0x0000000612400000|  0%| F|  |TAMS 0x0000000612200000, 0x0000000612200000| Untracked 
| 137|0x0000000612400000, 0x0000000612400000, 0x0000000612600000|  0%| F|  |TAMS 0x0000000612400000, 0x0000000612400000| Untracked 
| 138|0x0000000612600000, 0x0000000612600000, 0x0000000612800000|  0%| F|  |TAMS 0x0000000612600000, 0x0000000612600000| Untracked 
| 139|0x0000000612800000, 0x0000000612800000, 0x0000000612a00000|  0%| F|  |TAMS 0x0000000612800000, 0x0000000612800000| Untracked 
| 140|0x0000000612a00000, 0x0000000612a00000, 0x0000000612c00000|  0%| F|  |TAMS 0x0000000612a00000, 0x0000000612a00000| Untracked 
| 141|0x0000000612c00000, 0x0000000612c00000, 0x0000000612e00000|  0%| F|  |TAMS 0x0000000612c00000, 0x0000000612c00000| Untracked 
| 142|0x0000000612e00000, 0x0000000612e00000, 0x0000000613000000|  0%| F|  |TAMS 0x0000000612e00000, 0x0000000612e00000| Untracked 
| 143|0x0000000613000000, 0x0000000613000000, 0x0000000613200000|  0%| F|  |TAMS 0x0000000613000000, 0x0000000613000000| Untracked 
| 144|0x0000000613200000, 0x0000000613200000, 0x0000000613400000|  0%| F|  |TAMS 0x0000000613200000, 0x0000000613200000| Untracked 
| 145|0x0000000613400000, 0x0000000613400000, 0x0000000613600000|  0%| F|  |TAMS 0x0000000613400000, 0x0000000613400000| Untracked 
| 146|0x0000000613600000, 0x0000000613600000, 0x0000000613800000|  0%| F|  |TAMS 0x0000000613600000, 0x0000000613600000| Untracked 
| 147|0x0000000613800000, 0x0000000613800000, 0x0000000613a00000|  0%| F|  |TAMS 0x0000000613800000, 0x0000000613800000| Untracked 
| 148|0x0000000613a00000, 0x0000000613a00000, 0x0000000613c00000|  0%| F|  |TAMS 0x0000000613a00000, 0x0000000613a00000| Untracked 
| 149|0x0000000613c00000, 0x0000000613c00000, 0x0000000613e00000|  0%| F|  |TAMS 0x0000000613c00000, 0x0000000613c00000| Untracked 
| 150|0x0000000613e00000, 0x0000000613e00000, 0x0000000614000000|  0%| F|  |TAMS 0x0000000613e00000, 0x0000000613e00000| Untracked 
| 151|0x0000000614000000, 0x0000000614000000, 0x0000000614200000|  0%| F|  |TAMS 0x0000000614000000, 0x0000000614000000| Untracked 
| 152|0x0000000614200000, 0x0000000614200000, 0x0000000614400000|  0%| F|  |TAMS 0x0000000614200000, 0x0000000614200000| Untracked 
| 153|0x0000000614400000, 0x0000000614400000, 0x0000000614600000|  0%| F|  |TAMS 0x0000000614400000, 0x0000000614400000| Untracked 
| 154|0x0000000614600000, 0x0000000614600000, 0x0000000614800000|  0%| F|  |TAMS 0x0000000614600000, 0x0000000614600000| Untracked 
| 155|0x0000000614800000, 0x0000000614800000, 0x0000000614a00000|  0%| F|  |TAMS 0x0000000614800000, 0x0000000614800000| Untracked 
| 156|0x0000000614a00000, 0x0000000614a00000, 0x0000000614c00000|  0%| F|  |TAMS 0x0000000614a00000, 0x0000000614a00000| Untracked 
| 157|0x0000000614c00000, 0x0000000614c00000, 0x0000000614e00000|  0%| F|  |TAMS 0x0000000614c00000, 0x0000000614c00000| Untracked 
| 158|0x0000000614e00000, 0x0000000614e00000, 0x0000000615000000|  0%| F|  |TAMS 0x0000000614e00000, 0x0000000614e00000| Untracked 
| 159|0x0000000615000000, 0x0000000615000000, 0x0000000615200000|  0%| F|  |TAMS 0x0000000615000000, 0x0000000615000000| Untracked 
| 160|0x0000000615200000, 0x0000000615200000, 0x0000000615400000|  0%| F|  |TAMS 0x0000000615200000, 0x0000000615200000| Untracked 
| 161|0x0000000615400000, 0x0000000615400000, 0x0000000615600000|  0%| F|  |TAMS 0x0000000615400000, 0x0000000615400000| Untracked 
| 162|0x0000000615600000, 0x0000000615600000, 0x0000000615800000|  0%| F|  |TAMS 0x0000000615600000, 0x0000000615600000| Untracked 
| 163|0x0000000615800000, 0x0000000615800000, 0x0000000615a00000|  0%| F|  |TAMS 0x0000000615800000, 0x0000000615800000| Untracked 
| 164|0x0000000615a00000, 0x0000000615a00000, 0x0000000615c00000|  0%| F|  |TAMS 0x0000000615a00000, 0x0000000615a00000| Untracked 
| 165|0x0000000615c00000, 0x0000000615c00000, 0x0000000615e00000|  0%| F|  |TAMS 0x0000000615c00000, 0x0000000615c00000| Untracked 
| 166|0x0000000615e00000, 0x0000000615e00000, 0x0000000616000000|  0%| F|  |TAMS 0x0000000615e00000, 0x0000000615e00000| Untracked 
| 167|0x0000000616000000, 0x0000000616000000, 0x0000000616200000|  0%| F|  |TAMS 0x0000000616000000, 0x0000000616000000| Untracked 
| 168|0x0000000616200000, 0x0000000616200000, 0x0000000616400000|  0%| F|  |TAMS 0x0000000616200000, 0x0000000616200000| Untracked 
| 169|0x0000000616400000, 0x0000000616400000, 0x0000000616600000|  0%| F|  |TAMS 0x0000000616400000, 0x0000000616400000| Untracked 
| 170|0x0000000616600000, 0x0000000616600000, 0x0000000616800000|  0%| F|  |TAMS 0x0000000616600000, 0x0000000616600000| Untracked 
| 171|0x0000000616800000, 0x0000000616800000, 0x0000000616a00000|  0%| F|  |TAMS 0x0000000616800000, 0x0000000616800000| Untracked 
| 172|0x0000000616a00000, 0x0000000616a00000, 0x0000000616c00000|  0%| F|  |TAMS 0x0000000616a00000, 0x0000000616a00000| Untracked 
| 173|0x0000000616c00000, 0x0000000616c00000, 0x0000000616e00000|  0%| F|  |TAMS 0x0000000616c00000, 0x0000000616c00000| Untracked 
| 174|0x0000000616e00000, 0x0000000616e00000, 0x0000000617000000|  0%| F|  |TAMS 0x0000000616e00000, 0x0000000616e00000| Untracked 
| 175|0x0000000617000000, 0x0000000617000000, 0x0000000617200000|  0%| F|  |TAMS 0x0000000617000000, 0x0000000617000000| Untracked 
| 176|0x0000000617200000, 0x0000000617200000, 0x0000000617400000|  0%| F|  |TAMS 0x0000000617200000, 0x0000000617200000| Untracked 
| 177|0x0000000617400000, 0x0000000617400000, 0x0000000617600000|  0%| F|  |TAMS 0x0000000617400000, 0x0000000617400000| Untracked 
| 178|0x0000000617600000, 0x0000000617600000, 0x0000000617800000|  0%| F|  |TAMS 0x0000000617600000, 0x0000000617600000| Untracked 
| 179|0x0000000617800000, 0x0000000617800000, 0x0000000617a00000|  0%| F|  |TAMS 0x0000000617800000, 0x0000000617800000| Untracked 
| 180|0x0000000617a00000, 0x0000000617b03a10, 0x0000000617c00000| 50%| E|  |TAMS 0x0000000617a00000, 0x0000000617a00000| Complete 
| 181|0x0000000617c00000, 0x0000000617e00000, 0x0000000617e00000|100%| E|CS|TAMS 0x0000000617c00000, 0x0000000617c00000| Complete 
| 182|0x0000000617e00000, 0x0000000618000000, 0x0000000618000000|100%| E|CS|TAMS 0x0000000617e00000, 0x0000000617e00000| Complete 
| 183|0x0000000618000000, 0x0000000618200000, 0x0000000618200000|100%| E|CS|TAMS 0x0000000618000000, 0x0000000618000000| Complete 
| 184|0x0000000618200000, 0x0000000618400000, 0x0000000618400000|100%| E|CS|TAMS 0x0000000618200000, 0x0000000618200000| Complete 
| 185|0x0000000618400000, 0x0000000618600000, 0x0000000618600000|100%| E|CS|TAMS 0x0000000618400000, 0x0000000618400000| Complete 
| 186|0x0000000618600000, 0x0000000618800000, 0x0000000618800000|100%| E|CS|TAMS 0x0000000618600000, 0x0000000618600000| Complete 
| 187|0x0000000618800000, 0x0000000618a00000, 0x0000000618a00000|100%| E|CS|TAMS 0x0000000618800000, 0x0000000618800000| Complete 
| 188|0x0000000618a00000, 0x0000000618c00000, 0x0000000618c00000|100%| E|CS|TAMS 0x0000000618a00000, 0x0000000618a00000| Complete 
| 189|0x0000000618c00000, 0x0000000618e00000, 0x0000000618e00000|100%| E|CS|TAMS 0x0000000618c00000, 0x0000000618c00000| Complete 
| 190|0x0000000618e00000, 0x0000000619000000, 0x0000000619000000|100%| E|CS|TAMS 0x0000000618e00000, 0x0000000618e00000| Complete 
| 191|0x0000000619000000, 0x0000000619200000, 0x0000000619200000|100%| E|CS|TAMS 0x0000000619000000, 0x0000000619000000| Complete 
| 192|0x0000000619200000, 0x0000000619400000, 0x0000000619400000|100%| E|CS|TAMS 0x0000000619200000, 0x0000000619200000| Complete 
| 193|0x0000000619400000, 0x0000000619600000, 0x0000000619600000|100%| E|CS|TAMS 0x0000000619400000, 0x0000000619400000| Complete 
| 194|0x0000000619600000, 0x0000000619800000, 0x0000000619800000|100%| E|CS|TAMS 0x0000000619600000, 0x0000000619600000| Complete 
| 195|0x0000000619800000, 0x0000000619a00000, 0x0000000619a00000|100%| E|CS|TAMS 0x0000000619800000, 0x0000000619800000| Complete 
| 196|0x0000000619a00000, 0x0000000619c00000, 0x0000000619c00000|100%| E|CS|TAMS 0x0000000619a00000, 0x0000000619a00000| Complete 
| 197|0x0000000619c00000, 0x0000000619e00000, 0x0000000619e00000|100%| E|CS|TAMS 0x0000000619c00000, 0x0000000619c00000| Complete 
| 198|0x0000000619e00000, 0x000000061a000000, 0x000000061a000000|100%| E|CS|TAMS 0x0000000619e00000, 0x0000000619e00000| Complete 
| 199|0x000000061a000000, 0x000000061a200000, 0x000000061a200000|100%| E|CS|TAMS 0x000000061a000000, 0x000000061a000000| Complete 
| 200|0x000000061a200000, 0x000000061a400000, 0x000000061a400000|100%| E|CS|TAMS 0x000000061a200000, 0x000000061a200000| Complete 
| 201|0x000000061a400000, 0x000000061a600000, 0x000000061a600000|100%| E|CS|TAMS 0x000000061a400000, 0x000000061a400000| Complete 
| 202|0x000000061a600000, 0x000000061a800000, 0x000000061a800000|100%| E|CS|TAMS 0x000000061a600000, 0x000000061a600000| Complete 
| 203|0x000000061a800000, 0x000000061aa00000, 0x000000061aa00000|100%| E|CS|TAMS 0x000000061a800000, 0x000000061a800000| Complete 
| 204|0x000000061aa00000, 0x000000061ac00000, 0x000000061ac00000|100%| E|CS|TAMS 0x000000061aa00000, 0x000000061aa00000| Complete 
| 205|0x000000061ac00000, 0x000000061ae00000, 0x000000061ae00000|100%| E|CS|TAMS 0x000000061ac00000, 0x000000061ac00000| Complete 
| 206|0x000000061ae00000, 0x000000061b000000, 0x000000061b000000|100%| E|CS|TAMS 0x000000061ae00000, 0x000000061ae00000| Complete 
| 207|0x000000061b000000, 0x000000061b200000, 0x000000061b200000|100%| E|CS|TAMS 0x000000061b000000, 0x000000061b000000| Complete 
| 208|0x000000061b200000, 0x000000061b400000, 0x000000061b400000|100%| E|CS|TAMS 0x000000061b200000, 0x000000061b200000| Complete 
| 209|0x000000061b400000, 0x000000061b600000, 0x000000061b600000|100%| E|CS|TAMS 0x000000061b400000, 0x000000061b400000| Complete 
| 210|0x000000061b600000, 0x000000061b800000, 0x000000061b800000|100%| E|CS|TAMS 0x000000061b600000, 0x000000061b600000| Complete 
| 211|0x000000061b800000, 0x000000061ba00000, 0x000000061ba00000|100%| E|CS|TAMS 0x000000061b800000, 0x000000061b800000| Complete 
| 212|0x000000061ba00000, 0x000000061bc00000, 0x000000061bc00000|100%| E|CS|TAMS 0x000000061ba00000, 0x000000061ba00000| Complete 
| 213|0x000000061bc00000, 0x000000061be00000, 0x000000061be00000|100%| E|CS|TAMS 0x000000061bc00000, 0x000000061bc00000| Complete 
| 214|0x000000061be00000, 0x000000061c000000, 0x000000061c000000|100%| E|CS|TAMS 0x000000061be00000, 0x000000061be00000| Complete 
| 215|0x000000061c000000, 0x000000061c200000, 0x000000061c200000|100%| E|CS|TAMS 0x000000061c000000, 0x000000061c000000| Complete 
| 216|0x000000061c200000, 0x000000061c400000, 0x000000061c400000|100%| E|CS|TAMS 0x000000061c200000, 0x000000061c200000| Complete 
| 217|0x000000061c400000, 0x000000061c600000, 0x000000061c600000|100%| E|CS|TAMS 0x000000061c400000, 0x000000061c400000| Complete 
| 218|0x000000061c600000, 0x000000061c800000, 0x000000061c800000|100%| E|CS|TAMS 0x000000061c600000, 0x000000061c600000| Complete 
| 219|0x000000061c800000, 0x000000061ca00000, 0x000000061ca00000|100%| E|CS|TAMS 0x000000061c800000, 0x000000061c800000| Complete 
| 220|0x000000061ca00000, 0x000000061cc00000, 0x000000061cc00000|100%| E|CS|TAMS 0x000000061ca00000, 0x000000061ca00000| Complete 
| 221|0x000000061cc00000, 0x000000061ce00000, 0x000000061ce00000|100%| E|CS|TAMS 0x000000061cc00000, 0x000000061cc00000| Complete 
| 222|0x000000061ce00000, 0x000000061d000000, 0x000000061d000000|100%| E|CS|TAMS 0x000000061ce00000, 0x000000061ce00000| Complete 
| 223|0x000000061d000000, 0x000000061d200000, 0x000000061d200000|100%| E|CS|TAMS 0x000000061d000000, 0x000000061d000000| Complete 
| 224|0x000000061d200000, 0x000000061d400000, 0x000000061d400000|100%| E|CS|TAMS 0x000000061d200000, 0x000000061d200000| Complete 
| 225|0x000000061d400000, 0x000000061d600000, 0x000000061d600000|100%| E|CS|TAMS 0x000000061d400000, 0x000000061d400000| Complete 
| 226|0x000000061d600000, 0x000000061d800000, 0x000000061d800000|100%| E|CS|TAMS 0x000000061d600000, 0x000000061d600000| Complete 
| 227|0x000000061d800000, 0x000000061da00000, 0x000000061da00000|100%| E|CS|TAMS 0x000000061d800000, 0x000000061d800000| Complete 
| 228|0x000000061da00000, 0x000000061dc00000, 0x000000061dc00000|100%| E|CS|TAMS 0x000000061da00000, 0x000000061da00000| Complete 
| 229|0x000000061dc00000, 0x000000061de00000, 0x000000061de00000|100%| E|CS|TAMS 0x000000061dc00000, 0x000000061dc00000| Complete 
| 230|0x000000061de00000, 0x000000061e000000, 0x000000061e000000|100%| E|CS|TAMS 0x000000061de00000, 0x000000061de00000| Complete 
| 231|0x000000061e000000, 0x000000061e200000, 0x000000061e200000|100%| E|CS|TAMS 0x000000061e000000, 0x000000061e000000| Complete 
| 232|0x000000061e200000, 0x000000061e400000, 0x000000061e400000|100%| E|CS|TAMS 0x000000061e200000, 0x000000061e200000| Complete 
| 233|0x000000061e400000, 0x000000061e600000, 0x000000061e600000|100%| E|CS|TAMS 0x000000061e400000, 0x000000061e400000| Complete 
| 234|0x000000061e600000, 0x000000061e800000, 0x000000061e800000|100%| E|CS|TAMS 0x000000061e600000, 0x000000061e600000| Complete 
| 235|0x000000061e800000, 0x000000061ea00000, 0x000000061ea00000|100%| E|CS|TAMS 0x000000061e800000, 0x000000061e800000| Complete 
| 236|0x000000061ea00000, 0x000000061ec00000, 0x000000061ec00000|100%| E|CS|TAMS 0x000000061ea00000, 0x000000061ea00000| Complete 
| 237|0x000000061ec00000, 0x000000061ee00000, 0x000000061ee00000|100%| E|CS|TAMS 0x000000061ec00000, 0x000000061ec00000| Complete 
| 238|0x000000061ee00000, 0x000000061f000000, 0x000000061f000000|100%| E|CS|TAMS 0x000000061ee00000, 0x000000061ee00000| Complete 
| 239|0x000000061f000000, 0x000000061f200000, 0x000000061f200000|100%| E|CS|TAMS 0x000000061f000000, 0x000000061f000000| Complete 
| 240|0x000000061f200000, 0x000000061f400000, 0x000000061f400000|100%| E|CS|TAMS 0x000000061f200000, 0x000000061f200000| Complete 
| 241|0x000000061f400000, 0x000000061f600000, 0x000000061f600000|100%| E|CS|TAMS 0x000000061f400000, 0x000000061f400000| Complete 
| 242|0x000000061f600000, 0x000000061f612630, 0x000000061f800000|  3%| S|CS|TAMS 0x000000061f600000, 0x000000061f600000| Complete 
| 243|0x000000061f800000, 0x000000061fa00000, 0x000000061fa00000|100%| S|CS|TAMS 0x000000061f800000, 0x000000061f800000| Complete 
| 244|0x000000061fa00000, 0x000000061fc00000, 0x000000061fc00000|100%| E|CS|TAMS 0x000000061fa00000, 0x000000061fa00000| Complete 
| 245|0x000000061fc00000, 0x000000061fe00000, 0x000000061fe00000|100%| E|CS|TAMS 0x000000061fc00000, 0x000000061fc00000| Complete 
| 246|0x000000061fe00000, 0x0000000620000000, 0x0000000620000000|100%| E|CS|TAMS 0x000000061fe00000, 0x000000061fe00000| Complete 
| 247|0x0000000620000000, 0x0000000620200000, 0x0000000620200000|100%| E|CS|TAMS 0x0000000620000000, 0x0000000620000000| Complete 
| 248|0x0000000620200000, 0x0000000620400000, 0x0000000620400000|100%| E|CS|TAMS 0x0000000620200000, 0x0000000620200000| Complete 
| 249|0x0000000620400000, 0x0000000620600000, 0x0000000620600000|100%| E|CS|TAMS 0x0000000620400000, 0x0000000620400000| Complete 
| 250|0x0000000620600000, 0x0000000620800000, 0x0000000620800000|100%| E|CS|TAMS 0x0000000620600000, 0x0000000620600000| Complete 
| 251|0x0000000620800000, 0x0000000620a00000, 0x0000000620a00000|100%| E|CS|TAMS 0x0000000620800000, 0x0000000620800000| Complete 
| 252|0x0000000620a00000, 0x0000000620c00000, 0x0000000620c00000|100%| E|CS|TAMS 0x0000000620a00000, 0x0000000620a00000| Complete 
| 253|0x0000000620c00000, 0x0000000620e00000, 0x0000000620e00000|100%| E|CS|TAMS 0x0000000620c00000, 0x0000000620c00000| Complete 
| 254|0x0000000620e00000, 0x0000000621000000, 0x0000000621000000|100%| E|CS|TAMS 0x0000000620e00000, 0x0000000620e00000| Complete 
| 255|0x0000000621000000, 0x0000000621200000, 0x0000000621200000|100%| E|CS|TAMS 0x0000000621000000, 0x0000000621000000| Complete 

Card table byte_map: [0x000001e299b90000,0x000001e29ab90000] _byte_map_base: 0x000001e296b87000

Marking Bits (Prev, Next): (CMBitMap*) 0x000001e2fbdd9e48, (CMBitMap*) 0x000001e2fbdd9e80
 Prev Bits: [0x000001e29bb90000, 0x000001e2a3b48000)
 Next Bits: [0x000001e2a3b50000, 0x000001e2abb08000)

Polling page: 0x000001e280000000

Metaspace:

Usage:
  Non-class:     16.73 MB capacity,    16.51 MB ( 99%) used,   203.23 KB (  1%) free+waste,    24.25 KB ( <1%) overhead. 
      Class:      1.34 MB capacity,     1.26 MB ( 94%) used,    77.20 KB (  6%) free+waste,     9.00 KB ( <1%) overhead. 
       Both:     18.07 MB capacity,    17.77 MB ( 98%) used,   280.43 KB (  2%) free+waste,    33.25 KB ( <1%) overhead. 

Virtual space:
  Non-class space:       18.00 MB reserved,      16.75 MB ( 93%) committed 
      Class space:        1.00 GB reserved,       1.38 MB ( <1%) committed 
             Both:        1.02 GB reserved,      18.13 MB (  2%) committed 

Chunk freelists:
   Non-Class:  18.00 KB
       Class:  2.00 KB
        Both:  20.00 KB

MaxMetaspaceSize: 17179869184.00 GB
CompressedClassSpaceSize: 1.00 GB
Initial GC threshold: 20.80 MB
Current GC threshold: 20.80 MB
CDS: off

CodeHeap 'non-profiled nmethods': size=119168Kb used=1108Kb max_used=1108Kb free=118059Kb
 bounds [0x000001e290210000, 0x000001e290480000, 0x000001e297670000]
CodeHeap 'profiled nmethods': size=119168Kb used=3106Kb max_used=3106Kb free=116061Kb
 bounds [0x000001e288db0000, 0x000001e2890c0000, 0x000001e290210000]
CodeHeap 'non-nmethods': size=7424Kb used=2920Kb max_used=2958Kb free=4503Kb
 bounds [0x000001e288670000, 0x000001e288960000, 0x000001e288db0000]
 total_blobs=2861 nmethods=1606 adapters=1166
 compilation: enabled
              stopped_count=0, restarted_count=0
 full_count=0

Compilation events (20 events):
Event: 1.289 Thread 0x000001e2b3333800 nmethod 1566 0x000001e29031e810 code [0x000001e29031eaa0, 0x000001e290320ce8]
Event: 1.290 Thread 0x000001e2af450000 nmethod 1592 0x000001e290321a90 code [0x000001e290321ca0, 0x000001e290322778]
Event: 1.307 Thread 0x000001e2af57d000 1593       3       jdk.internal.misc.Unsafe::objectFieldOffset (18 bytes)
Event: 1.308 Thread 0x000001e2af57d000 nmethod 1593 0x000001e2890b4a90 code [0x000001e2890b4c60, 0x000001e2890b4e98]
Event: 1.317 Thread 0x000001e2b2e9c800 1594       4       components.SpriteRenderer::setClean (6 bytes)
Event: 1.317 Thread 0x000001e2b2e9c800 nmethod 1594 0x000001e290323010 code [0x000001e2903231a0, 0x000001e2903231f8]
Event: 1.319 Thread 0x000001e2b0419000 1595       1       sun.nio.fs.NativeBuffer::size (5 bytes)
Event: 1.319 Thread 0x000001e2b0419000 nmethod 1595 0x000001e290323310 code [0x000001e2903234c0, 0x000001e290323578]
Event: 1.319 Thread 0x000001e2af457800 1596       3       java.io.InputStream::read (9 bytes)
Event: 1.319 Thread 0x000001e2b0419000 1597       3       java.lang.String::checkIndex (46 bytes)
Event: 1.319 Thread 0x000001e2af457800 nmethod 1596 0x000001e2890b4f90 code [0x000001e2890b5140, 0x000001e2890b5308]
Event: 1.319 Thread 0x000001e2b0419000 nmethod 1597 0x000001e2890b5410 code [0x000001e2890b56a0, 0x000001e2890b6038]
Event: 1.319 Thread 0x000001e2af57d000 1599       3       java.lang.ClassLoader::findNative (81 bytes)
Event: 1.319 Thread 0x000001e2af457800 1598       3       java.util.concurrent.ConcurrentHashMap::isEmpty (15 bytes)
Event: 1.319 Thread 0x000001e2af457800 nmethod 1598 0x000001e2890b6410 code [0x000001e2890b65c0, 0x000001e2890b6748]
Event: 1.320 Thread 0x000001e2af57d000 nmethod 1599 0x000001e2890b6810 code [0x000001e2890b6a60, 0x000001e2890b7298]
Event: 1.321 Thread 0x000001e2b0419000 1600       1       Rixx.GameObject::doSerialization (5 bytes)
Event: 1.321 Thread 0x000001e2b0419000 nmethod 1600 0x000001e290323610 code [0x000001e2903237c0, 0x000001e290323878]
Event: 1.324 Thread 0x000001e2af457800 1603       3       editor.SceneHierarchyWindow::doTreeNode (102 bytes)
Event: 1.325 Thread 0x000001e2af457800 nmethod 1603 0x000001e2890b7510 code [0x000001e2890b7800, 0x000001e2890b83d8]

GC Heap History (2 events):
Event: 0.691 GC heap before
{Heap before GC invocations=0 (full 0):
 garbage-first heap   total 524288K, used 22528K [0x0000000601200000, 0x0000000800000000)
  region size 2048K, 12 young (24576K), 0 survivors (0K)
 Metaspace       used 12916K, capacity 13103K, committed 13312K, reserved 1060864K
  class space    used 875K, capacity 955K, committed 1024K, reserved 1048576K
}
Event: 0.694 GC heap after
{Heap after GC invocations=1 (full 0):
 garbage-first heap   total 524288K, used 2121K [0x0000000601200000, 0x0000000800000000)
  region size 2048K, 2 young (4096K), 2 survivors (4096K)
 Metaspace       used 12916K, capacity 13103K, committed 13312K, reserved 1060864K
  class space    used 875K, capacity 955K, committed 1024K, reserved 1048576K
}

Deoptimization events (20 events):
Event: 0.915 Thread 0x000001e2fbd4d000 Uncommon trap: trap_request=0xffffff4d fr.pc=0x000001e2902737f8 relative=0x00000000000000b8
Event: 0.915 Thread 0x000001e2fbd4d000 Uncommon trap: reason=unstable_if action=reinterpret pc=0x000001e2902737f8 method=com.google.gson.stream.JsonReader.peek()Lcom/google/gson/stream/JsonToken; @ 15 c2
Event: 0.915 Thread 0x000001e2fbd4d000 DEOPT PACKING pc=0x000001e2902737f8 sp=0x000000496ecff1d0
Event: 0.915 Thread 0x000001e2fbd4d000 DEOPT UNPACKING pc=0x000001e2886ba1af sp=0x000000496ecff158 mode 2
Event: 1.246 Thread 0x000001e2fbd4d000 Uncommon trap: trap_request=0xffffffde fr.pc=0x000001e290308e20 relative=0x0000000000000840
Event: 1.246 Thread 0x000001e2fbd4d000 Uncommon trap: reason=class_check action=maybe_recompile pc=0x000001e290308e20 method=Rixx.GameObject.getComponent(Ljava/lang/Class;)Lcomponents/Component; @ 45 c2
Event: 1.246 Thread 0x000001e2fbd4d000 DEOPT PACKING pc=0x000001e290308e20 sp=0x000000496ecff310
Event: 1.246 Thread 0x000001e2fbd4d000 DEOPT UNPACKING pc=0x000001e2886ba1af sp=0x000000496ecff2b8 mode 2
Event: 1.247 Thread 0x000001e2fbd4d000 Uncommon trap: trap_request=0xffffffde fr.pc=0x000001e290308e20 relative=0x0000000000000840
Event: 1.247 Thread 0x000001e2fbd4d000 Uncommon trap: reason=class_check action=maybe_recompile pc=0x000001e290308e20 method=Rixx.GameObject.getComponent(Ljava/lang/Class;)Lcomponents/Component; @ 45 c2
Event: 1.247 Thread 0x000001e2fbd4d000 DEOPT PACKING pc=0x000001e290308e20 sp=0x000000496ecff350
Event: 1.247 Thread 0x000001e2fbd4d000 DEOPT UNPACKING pc=0x000001e2886ba1af sp=0x000000496ecff2f8 mode 2
Event: 1.247 Thread 0x000001e2fbd4d000 Uncommon trap: trap_request=0xffffffde fr.pc=0x000001e290308e20 relative=0x0000000000000840
Event: 1.247 Thread 0x000001e2fbd4d000 Uncommon trap: reason=class_check action=maybe_recompile pc=0x000001e290308e20 method=Rixx.GameObject.getComponent(Ljava/lang/Class;)Lcomponents/Component; @ 45 c2
Event: 1.247 Thread 0x000001e2fbd4d000 DEOPT PACKING pc=0x000001e290308e20 sp=0x000000496ecff310
Event: 1.247 Thread 0x000001e2fbd4d000 DEOPT UNPACKING pc=0x000001e2886ba1af sp=0x000000496ecff2b8 mode 2
Event: 1.247 Thread 0x000001e2fbd4d000 Uncommon trap: trap_request=0xffffffde fr.pc=0x000001e290308e20 relative=0x0000000000000840
Event: 1.247 Thread 0x000001e2fbd4d000 Uncommon trap: reason=class_check action=maybe_recompile pc=0x000001e290308e20 method=Rixx.GameObject.getComponent(Ljava/lang/Class;)Lcomponents/Component; @ 45 c2
Event: 1.247 Thread 0x000001e2fbd4d000 DEOPT PACKING pc=0x000001e290308e20 sp=0x000000496ecff310
Event: 1.247 Thread 0x000001e2fbd4d000 DEOPT UNPACKING pc=0x000001e2886ba1af sp=0x000000496ecff2b8 mode 2

Classes redefined (0 events):
No events

Internal exceptions (20 events):
Event: 0.149 Thread 0x000001e2fbd4d000 Exception <a 'java/security/PrivilegedActionException'{0x0000000620a1c690}> (0x0000000620a1c690) thrown at [./src/hotspot/share/prims/jvm.cpp, line 1306]
Event: 0.149 Thread 0x000001e2fbd4d000 Exception <a 'java/security/PrivilegedActionException'{0x0000000620a1f090}> (0x0000000620a1f090) thrown at [./src/hotspot/share/prims/jvm.cpp, line 1306]
Event: 0.149 Thread 0x000001e2fbd4d000 Exception <a 'java/security/PrivilegedActionException'{0x0000000620a1f360}> (0x0000000620a1f360) thrown at [./src/hotspot/share/prims/jvm.cpp, line 1306]
Event: 0.158 Thread 0x000001e2fbd4d000 Exception <a 'sun/nio/fs/WindowsException'{0x0000000620b22110}> (0x0000000620b22110) thrown at [./src/hotspot/share/prims/jni.cpp, line 616]
Event: 0.158 Thread 0x000001e2fbd4d000 Exception <a 'sun/nio/fs/WindowsException'{0x0000000620b22480}> (0x0000000620b22480) thrown at [./src/hotspot/share/prims/jni.cpp, line 616]
Event: 0.479 Thread 0x000001e2fbd4d000 Exception <a 'java/lang/NoSuchMethodError'{0x0000000620832b10}: 'void java.lang.invoke.DirectMethodHandle$Holder.invokeStaticInit(java.lang.Object, long, double, double)'> (0x0000000620832b10) thrown at [./src/hotspot/share/interpreter/linkResolver.cpp, line 773]
Event: 0.480 Thread 0x000001e2fbd4d000 Exception <a 'java/lang/NoSuchMethodError'{0x0000000620845348}: 'void java.lang.invoke.DirectMethodHandle$Holder.invokeStaticInit(java.lang.Object, long, int, int, int)'> (0x0000000620845348) thrown at [./src/hotspot/share/interpreter/linkResolver.cpp, line 773]
Event: 0.483 Thread 0x000001e2fbd4d000 Exception <a 'java/lang/NoSuchMethodError'{0x0000000620865a20}: 'void java.lang.invoke.DirectMethodHandle$Holder.invokeStaticInit(java.lang.Object, long, int, int, int, int)'> (0x0000000620865a20) thrown at [./src/hotspot/share/interpreter/linkResolver.cpp, line 773]
Event: 0.483 Thread 0x000001e2fbd4d000 Exception <a 'java/lang/NoSuchMethodError'{0x0000000620874fe8}: 'void java.lang.invoke.DirectMethodHandle$Holder.invokeStatic(java.lang.Object, long, int, int)'> (0x0000000620874fe8) thrown at [./src/hotspot/share/interpreter/linkResolver.cpp, line 773]
Event: 0.505 Thread 0x000001e2fbd4d000 Exception <a 'sun/nio/fs/WindowsException'{0x00000006208c43c0}> (0x00000006208c43c0) thrown at [./src/hotspot/share/prims/jni.cpp, line 616]
Event: 0.505 Thread 0x000001e2fbd4d000 Exception <a 'sun/nio/fs/WindowsException'{0x00000006208c4748}> (0x00000006208c4748) thrown at [./src/hotspot/share/prims/jni.cpp, line 616]
Event: 0.535 Thread 0x000001e2fbd4d000 Exception <a 'java/lang/NoSuchMethodError'{0x0000000620954488}: 'int java.lang.invoke.DirectMethodHandle$Holder.invokeSpecialIFC(java.lang.Object, java.lang.Object, int)'> (0x0000000620954488) thrown at [./src/hotspot/share/interpreter/linkResolver.cpp, line 773]
Event: 0.545 Thread 0x000001e2fbd4d000 Exception <a 'sun/nio/fs/WindowsException'{0x000000062063e7c8}> (0x000000062063e7c8) thrown at [./src/hotspot/share/prims/jni.cpp, line 616]
Event: 0.545 Thread 0x000001e2fbd4d000 Exception <a 'sun/nio/fs/WindowsException'{0x000000062063eb78}> (0x000000062063eb78) thrown at [./src/hotspot/share/prims/jni.cpp, line 616]
Event: 0.546 Thread 0x000001e2fbd4d000 Exception <a 'sun/nio/fs/WindowsException'{0x000000062065a928}> (0x000000062065a928) thrown at [./src/hotspot/share/prims/jni.cpp, line 616]
Event: 0.546 Thread 0x000001e2fbd4d000 Exception <a 'sun/nio/fs/WindowsException'{0x000000062065ac10}> (0x000000062065ac10) thrown at [./src/hotspot/share/prims/jni.cpp, line 616]
Event: 0.659 Thread 0x000001e2fbd4d000 Exception <a 'sun/nio/fs/WindowsException'{0x000000061fb224d8}> (0x000000061fb224d8) thrown at [./src/hotspot/share/prims/jni.cpp, line 616]
Event: 0.696 Thread 0x000001e2fbd4d000 Exception <a 'java/lang/NoSuchMethodError'{0x00000006210255e8}: 'void java.lang.invoke.DirectMethodHandle$Holder.invokeVirtual(java.lang.Object, java.lang.Object, long, int)'> (0x00000006210255e8) thrown at [./src/hotspot/share/interpreter/linkResolver.cpp, line 773]
Event: 0.946 Thread 0x000001e2fbd4d000 Exception <a 'sun/nio/fs/WindowsException'{0x0000000618dd0618}> (0x0000000618dd0618) thrown at [./src/hotspot/share/prims/jni.cpp, line 616]
Event: 0.946 Thread 0x000001e2fbd4d000 Exception <a 'sun/nio/fs/WindowsException'{0x0000000618dd09a0}> (0x0000000618dd09a0) thrown at [./src/hotspot/share/prims/jni.cpp, line 616]

Events (20 events):
Event: 1.314 loading class org/joml/Quaternionfc done
Event: 1.318 loading class renderer/DebugDraw
Event: 1.318 loading class renderer/DebugDraw done
Event: 1.320 loading class imgui/type/ImBoolean
Event: 1.320 loading class imgui/type/ImBoolean done
Event: 1.320 Executing VM operation: RevokeBias
Event: 1.320 Executing VM operation: RevokeBias done
Event: 1.320 loading class imgui/ImGuiStyle
Event: 1.320 loading class imgui/ImGuiStyle done
Event: 1.323 Loaded shared library C:\Users\Conno\AppData\Local\Temp\imgui-java-natives_1660256155615\imgui-java64.dll
Event: 1.324 Loaded shared library C:\Users\Conno\AppData\Local\Temp\imgui-java-natives_1660256155615\imgui-java64.dll
Event: 1.326 Loaded shared library C:\Users\Conno\AppData\Local\Temp\imgui-java-natives_1660256155615\imgui-java64.dll
Event: 1.327 Loaded shared library C:\Users\Conno\AppData\Local\Temp\imgui-java-natives_1660256155615\imgui-java64.dll
Event: 1.329 Loaded shared library C:\Users\Conno\AppData\Local\Temp\imgui-java-natives_1660256155615\imgui-java64.dll
Event: 1.331 loading class org/lwjgl/opengl/GL32C
Event: 1.331 loading class org/lwjgl/opengl/GL32C done
Event: 1.331 loading class org/lwjgl/opengl/GL31C
Event: 1.331 loading class org/lwjgl/opengl/GL31C done
Event: 1.331 Executing VM operation: RevokeBias
Event: 1.331 Executing VM operation: RevokeBias done


Dynamic libraries:
0x00007ff7b7030000 - 0x00007ff7b703d000 	C:\Users\Conno\.jdks\corretto-11.0.13\bin\java.exe
0x00007fff8fdd0000 - 0x00007fff8ffc8000 	C:\Windows\SYSTEM32\ntdll.dll
0x00007fff8f0d0000 - 0x00007fff8f18d000 	C:\Windows\System32\KERNEL32.DLL
0x00007fff8d5a0000 - 0x00007fff8d86e000 	C:\Windows\System32\KERNELBASE.dll
0x00007fff8dd30000 - 0x00007fff8de30000 	C:\Windows\System32\ucrtbase.dll
0x00007fff67500000 - 0x00007fff67517000 	C:\Users\Conno\.jdks\corretto-11.0.13\bin\jli.dll
0x00007fff67400000 - 0x00007fff67419000 	C:\Users\Conno\.jdks\corretto-11.0.13\bin\VCRUNTIME140.dll
0x00007fff8dfa0000 - 0x00007fff8e140000 	C:\Windows\System32\USER32.dll
0x00007fff8d8e0000 - 0x00007fff8d902000 	C:\Windows\System32\win32u.dll
0x00007fff7b200000 - 0x00007fff7b49a000 	C:\Windows\WinSxS\amd64_microsoft.windows.common-controls_6595b64144ccf1df_6.0.19041.1110_none_60b5254171f9507e\COMCTL32.dll
0x00007fff8e9c0000 - 0x00007fff8e9ea000 	C:\Windows\System32\GDI32.dll
0x00007fff8ea60000 - 0x00007fff8eafe000 	C:\Windows\System32\msvcrt.dll
0x00007fff8dac0000 - 0x00007fff8dbcb000 	C:\Windows\System32\gdi32full.dll
0x00007fff8dbd0000 - 0x00007fff8dc6d000 	C:\Windows\System32\msvcp_win.dll
0x00007fff8de30000 - 0x00007fff8de60000 	C:\Windows\System32\IMM32.DLL
0x00007fff561d0000 - 0x00007fff5626b000 	C:\Users\Conno\.jdks\corretto-11.0.13\bin\msvcp140.dll
0x00007fff2a990000 - 0x00007fff2b50f000 	C:\Users\Conno\.jdks\corretto-11.0.13\bin\server\jvm.dll
0x00007fff8def0000 - 0x00007fff8df9e000 	C:\Windows\System32\ADVAPI32.dll
0x00007fff8f2d0000 - 0x00007fff8f36c000 	C:\Windows\System32\sechost.dll
0x00007fff8fc60000 - 0x00007fff8fd85000 	C:\Windows\System32\RPCRT4.dll
0x00007fff8f620000 - 0x00007fff8f628000 	C:\Windows\System32\PSAPI.DLL
0x00007fff85f30000 - 0x00007fff85f3a000 	C:\Windows\SYSTEM32\VERSION.dll
0x00007fff75dc0000 - 0x00007fff75dc9000 	C:\Windows\SYSTEM32\WSOCK32.dll
0x00007fff819c0000 - 0x00007fff819e7000 	C:\Windows\SYSTEM32\WINMM.dll
0x00007fff8f400000 - 0x00007fff8f46b000 	C:\Windows\System32\WS2_32.dll
0x00007fff8b410000 - 0x00007fff8b422000 	C:\Windows\SYSTEM32\kernel.appcore.dll
0x00007fff6db40000 - 0x00007fff6db50000 	C:\Users\Conno\.jdks\corretto-11.0.13\bin\verify.dll
0x00007fff80070000 - 0x00007fff80254000 	C:\Windows\SYSTEM32\DBGHELP.DLL
0x00007fff789b0000 - 0x00007fff789dc000 	C:\Windows\SYSTEM32\dbgcore.DLL
0x00007fff8dc70000 - 0x00007fff8dcf2000 	C:\Windows\System32\bcryptPrimitives.dll
0x00007fff5e150000 - 0x00007fff5e178000 	C:\Users\Conno\.jdks\corretto-11.0.13\bin\java.dll
0x00007fff67350000 - 0x00007fff6735a000 	C:\Users\Conno\.jdks\corretto-11.0.13\bin\jimage.dll
0x00007fff66fa0000 - 0x00007fff66fb7000 	C:\Users\Conno\.jdks\corretto-11.0.13\bin\zip.dll
0x00007fff8e270000 - 0x00007fff8e9b4000 	C:\Windows\System32\SHELL32.dll
0x00007fff8b610000 - 0x00007fff8bda4000 	C:\Windows\SYSTEM32\windows.storage.dll
0x00007fff8f630000 - 0x00007fff8f984000 	C:\Windows\System32\combase.dll
0x00007fff8cf50000 - 0x00007fff8cf80000 	C:\Windows\SYSTEM32\Wldp.dll
0x00007fff8eb00000 - 0x00007fff8ebad000 	C:\Windows\System32\SHCORE.dll
0x00007fff8de90000 - 0x00007fff8dee5000 	C:\Windows\System32\shlwapi.dll
0x00007fff8d430000 - 0x00007fff8d44f000 	C:\Windows\SYSTEM32\profapi.dll
0x00007fff65b50000 - 0x00007fff65b69000 	C:\Users\Conno\.jdks\corretto-11.0.13\bin\net.dll
0x00007fff87240000 - 0x00007fff8734a000 	C:\Windows\SYSTEM32\WINHTTP.dll
0x00007fff8ccb0000 - 0x00007fff8cd1a000 	C:\Windows\system32\mswsock.dll
0x00007fff60b90000 - 0x00007fff60ba2000 	C:\Users\Conno\.jdks\corretto-11.0.13\bin\nio.dll
0x00007fff54810000 - 0x00007fff54874000 	C:\Users\Conno\AppData\Local\Temp\lwjglConno\3.2.3-build-13\lwjgl.dll
0x00007fff50d70000 - 0x00007fff50dd2000 	C:\Users\Conno\AppData\Local\Temp\lwjglConno\3.2.3-build-13\glfw.dll
0x00007fff8ae90000 - 0x00007fff8af2e000 	C:\Windows\system32\uxtheme.dll
0x00007fff54f80000 - 0x00007fff54fc5000 	C:\Windows\SYSTEM32\dinput8.dll
0x00007fff87fd0000 - 0x00007fff87fe1000 	C:\Windows\SYSTEM32\xinput1_4.dll
0x00007fff8d910000 - 0x00007fff8d95e000 	C:\Windows\System32\cfgmgr32.dll
0x00007fff8d2a0000 - 0x00007fff8d2cc000 	C:\Windows\SYSTEM32\DEVOBJ.dll
0x00007fff8b120000 - 0x00007fff8b14f000 	C:\Windows\SYSTEM32\dwmapi.dll
0x00007fff65610000 - 0x00007fff65762000 	C:\Windows\SYSTEM32\inputhost.dll
0x00007fff8f550000 - 0x00007fff8f61d000 	C:\Windows\System32\OLEAUT32.dll
0x00007fff89ec0000 - 0x00007fff8a014000 	C:\Windows\SYSTEM32\wintypes.dll
0x00007fff88ba0000 - 0x00007fff88c96000 	C:\Windows\SYSTEM32\PROPSYS.dll
0x00007fff8aa40000 - 0x00007fff8ab32000 	C:\Windows\SYSTEM32\CoreMessaging.dll
0x00007fff8a6e0000 - 0x00007fff8aa3e000 	C:\Windows\SYSTEM32\CoreUIComponents.dll
0x00007fff8c1f0000 - 0x00007fff8c223000 	C:\Windows\SYSTEM32\ntmarta.dll
0x0000000180000000 - 0x0000000180272000 	C:\Program Files (x86)\RivaTuner Statistics Server\RTSSHooks64.dll
0x00007fff8fb40000 - 0x00007fff8fc55000 	C:\Windows\System32\MSCTF.dll
0x00007fff8bdb0000 - 0x00007fff8bdbd000 	C:\Windows\SYSTEM32\HID.DLL
0x00007fff8ec60000 - 0x00007fff8f0cf000 	C:\Windows\System32\SETUPAPI.DLL
0x00007fff8dd00000 - 0x00007fff8dd27000 	C:\Windows\System32\bcrypt.dll
0x00007fff8d870000 - 0x00007fff8d8d7000 	C:\Windows\System32\WINTRUST.dll
0x00007fff8d960000 - 0x00007fff8dab6000 	C:\Windows\System32\CRYPT32.dll
0x00007fff8d0e0000 - 0x00007fff8d0f2000 	C:\Windows\SYSTEM32\MSASN1.dll
0x00007fff502f0000 - 0x00007fff50417000 	C:\Windows\SYSTEM32\opengl32.dll
0x00007fff624b0000 - 0x00007fff624dc000 	C:\Windows\SYSTEM32\GLU32.dll
0x00007fff8ebb0000 - 0x00007fff8ec59000 	C:\Windows\System32\clbcatq.dll
0x00007ffefbc60000 - 0x00007ffefee1b000 	C:\Windows\System32\DriverStore\FileRepository\nv_dispi.inf_amd64_c43eff7079c4c90c\nvoglv64.dll
0x00007fff8e140000 - 0x00007fff8e26a000 	C:\Windows\System32\ole32.dll
0x00007fff88db0000 - 0x00007fff88dc4000 	C:\Windows\SYSTEM32\WTSAPI32.dll
0x00007fff8cec0000 - 0x00007fff8cecc000 	C:\Windows\SYSTEM32\CRYPTBASE.DLL
0x00007fff85850000 - 0x00007fff85881000 	C:\Windows\SYSTEM32\cryptnet.dll
0x00007fff84da0000 - 0x00007fff84ee8000 	C:\Windows\SYSTEM32\drvstore.dll
0x00007fff87ea0000 - 0x00007fff87edb000 	C:\Windows\SYSTEM32\dxcore.dll
0x00007fff45480000 - 0x00007fff45747000 	C:\Windows\system32\nvspcap64.dll
0x00007fff8ca70000 - 0x00007fff8cabb000 	C:\Windows\SYSTEM32\powrprof.dll
0x00007fff8c930000 - 0x00007fff8c942000 	C:\Windows\SYSTEM32\UMPDC.dll
0x00007fff8c260000 - 0x00007fff8c2ba000 	C:\Windows\SYSTEM32\WINSTA.dll
0x00007fff65770000 - 0x00007fff65869000 	C:\Windows\SYSTEM32\textinputframework.dll
0x00007fff4f4f0000 - 0x00007fff4f5fb000 	C:\Users\Conno\AppData\Local\Temp\lwjglConno\3.2.3-build-13\OpenAL.dll
0x00007fff7efd0000 - 0x00007fff7f055000 	C:\Windows\System32\MMDevApi.dll
0x00007fff659c0000 - 0x00007fff65b42000 	C:\Windows\SYSTEM32\AUDIOSES.DLL
0x00007fff8b020000 - 0x00007fff8b034000 	C:\Windows\SYSTEM32\resourcepolicyclient.dll
0x00007fff54c50000 - 0x00007fff54ca9000 	C:\Users\Conno\AppData\Local\Temp\lwjglConno\3.2.3-build-13\lwjgl_opengl.dll
0x0000000064a00000 - 0x0000000064d10000 	C:\Users\Conno\AppData\Local\Temp\imgui-java-natives_1660256155615\imgui-java64.dll
0x00007fff8cea0000 - 0x00007fff8ceb8000 	C:\Windows\SYSTEM32\CRYPTSP.dll
0x00007fff8c5c0000 - 0x00007fff8c5f4000 	C:\Windows\system32\rsaenh.dll
0x00007fff4efe0000 - 0x00007fff4f057000 	C:\Users\Conno\AppData\Local\Temp\lwjglConno\3.2.3-build-13\lwjgl_stb.dll

dbghelp: loaded successfully - version: 4.0.5 - missing functions: none
symbol engine: initialized successfully - sym options: 0x614 - pdb path: .;C:\Users\Conno\.jdks\corretto-11.0.13\bin;C:\Windows\SYSTEM32;C:\Windows\WinSxS\amd64_microsoft.windows.common-controls_6595b64144ccf1df_6.0.19041.1110_none_60b5254171f9507e;C:\Users\Conno\.jdks\corretto-11.0.13\bin\server;C:\Users\Conno\AppData\Local\Temp\lwjglConno\3.2.3-build-13;C:\Program Files (x86)\RivaTuner Statistics Server;C:\Windows\System32\DriverStore\FileRepository\nv_dispi.inf_amd64_c43eff7079c4c90c;C:\Users\Conno\AppData\Local\Temp\imgui-java-natives_1660256155615

VM Arguments:
jvm_args: -Dfile.encoding=windows-1252 -Duser.country=US -Duser.language=en -Duser.variant -ea 
java_command: Main
java_class_path (initial): G:\Mario\build\classes\java\main;G:\Mario\build\resources\main;G:\Mario\libs\jbox2d-library.jar;C:\Users\Conno\.gradle\caches\modules-2\files-2.1\com.google.code.gson\gson\2.8.9\8a432c1d6825781e21a02db2e2c33c5fde2833b9\gson-2.8.9.jar;C:\Users\Conno\.gradle\caches\modules-2\files-2.1\io.github.spair\imgui-java-app\1.81.0\37a0be053a63da53c3628b3d6186ccbd380f7106\imgui-java-app-1.81.0.jar;C:\Users\Conno\.gradle\caches\modules-2\files-2.1\io.github.spair\imgui-java-lwjgl3\1.81.0\6c92680fc6e9951532445ecc35b44f2d4cd82d76\imgui-java-lwjgl3-1.81.0.jar;C:\Users\Conno\.gradle\caches\modules-2\files-2.1\org.lwjgl\lwjgl-assimp\3.2.3\f62aa07a20afbdd3097efc296c4841e0d29700eb\lwjgl-assimp-3.2.3.jar;C:\Users\Conno\.gradle\caches\modules-2\files-2.1\org.lwjgl\lwjgl-assimp\3.2.3\4e60aeb75f0343c4a9ede4ef8b6b32ca702a00a3\lwjgl-assimp-3.2.3-natives-windows.jar;C:\Users\Conno\.gradle\caches\modules-2\files-2.1\org.lwjgl\lwjgl-glfw\3.2.3\5e520d5c290c8b012545a8d34fa5db5ab051ea53\lwjgl-glfw-3.2.3.jar;C:\Users\Conno\.gradle\caches\modules-2\files-2.1\org.lwjgl\lwjgl-glfw\3.2.3\b4d8a3477cdc2edcf7a5f1e822926be846223f54\lwjgl-glfw-3.2.3-natives-windows.jar;C:\Users\Conno\.gradle\caches\modules-2\files-2.1\org.lwjgl\lwjgl-glfw\3.2.3\62b044d9b0a057444bef2ab70b9afc288ec09dba\lwjgl-glfw-3.2.3-natives-linux.jar;C:\Users\Conno\.gradle\caches\modules-2\files-2.1\org.lwjgl\lwjgl-glfw\3.2.3\58661272eacb9116336c88b4aadccf1f17c09b\lwjgl-glfw-3.2.3-natives-macos.jar;C:\Users\Conno\.gradle\caches\modules-2\files-2.1\org.lwjgl\lwjgl-nfd\3.2.3\c44fee1043c022cf6614a28872d44cf114ca7737\lwjgl-nfd-3.2.3.jar;C:\Users\Conno\.gradle\caches\modules-2\files-2.1\org.lwjgl\lwjgl-nfd\3.2.3\32782f5f5c57769efb82af864e70b819c77bc891\lwjgl-nfd-3.2.3-natives-windows.jar;C:\Users\Conno\.gradle\caches\modules-2\files-2.1\org.lwjgl\lwjgl-openal\3.2.3\106742e805803ab9eab8e343f0fb31a3d263903c\lwjgl-openal-3.2.3.jar;C:\Users\Conno\.gradle\caches\modules-2\files-2.1\org.lwjgl\lwjgl-openal\3.2.3\ec898e8ce
Launcher Type: SUN_STANDARD

[Global flags]
     intx CICompilerCount                          = 12                                        {product} {ergonomic}
     uint ConcGCThreads                            = 5                                         {product} {ergonomic}
     uint G1ConcRefinementThreads                  = 18                                        {product} {ergonomic}
   size_t G1HeapRegionSize                         = 2097152                                   {product} {ergonomic}
    uintx GCDrainStackTargetSize                   = 64                                        {product} {ergonomic}
   size_t InitialHeapSize                          = 536870912                                 {product} {ergonomic}
   size_t MarkStackSize                            = 4194304                                   {product} {ergonomic}
   size_t MaxHeapSize                              = 8571060224                                {product} {ergonomic}
   size_t MaxNewSize                               = 5142216704                                {product} {ergonomic}
   size_t MinHeapDeltaBytes                        = 2097152                                   {product} {ergonomic}
    uintx NonNMethodCodeHeapSize                   = 7594288                                {pd product} {ergonomic}
    uintx NonProfiledCodeHeapSize                  = 122031976                              {pd product} {ergonomic}
    uintx ProfiledCodeHeapSize                     = 122031976                              {pd product} {ergonomic}
    uintx ReservedCodeCacheSize                    = 251658240                              {pd product} {ergonomic}
     bool SegmentedCodeCache                       = true                                      {product} {ergonomic}
     bool UseCompressedClassPointers               = true                                 {lp64_product} {ergonomic}
     bool UseCompressedOops                        = true                                 {lp64_product} {ergonomic}
     bool UseG1GC                                  = true                                      {product} {ergonomic}
     bool UseLargePagesIndividualAllocation        = false                                  {pd product} {ergonomic}

Logging:
Log output configuration:
 #0: stdout all=warning uptime,level,tags
 #1: stderr all=off uptime,level,tags

Environment Variables:
PATH=C:\Program Files\Common Files\Oracle\Java\javapath;C:\Program Files (x86)\Common Files\Oracle\Java\javapath;C:\Windows\system32;C:\Windows;C:\Windows\System32\Wbem;C:\Windows\System32\WindowsPowerShell\v1.0\;C:\Windows\System32\OpenSSH\;C:\Program Files\NVIDIA Corporation\NVIDIA NvDLISR;C:\Program Files (x86)\NVIDIA Corporation\PhysX\Common;C:\Program Files (x86)\Microsoft SQL Server\150\DTS\Binn\;C:\Program Files\Azure Data Studio\bin;C:\Users\Conno\AppData\Local\Microsoft\WindowsApps;C:\Program Files\JetBrains\IntelliJ IDEA Community Edition 2021.2.3\bin;;C:\Users\Conno\AppData\Local\Programs\Microsoft VS Code\bin;C:\Program Files\Azure Data Studio\bin
USERNAME=Conno
OS=Windows_NT
PROCESSOR_IDENTIFIER=AMD64 Family 25 Model 33 Stepping 0, AuthenticAMD



---------------  S Y S T E M  ---------------

OS: Windows 10 , 64 bit Build 19041 (10.0.19041.1806)
OS uptime: 15 days 23:10 hours

CPU:total 24 (initial active 24) (24 cores per cpu, 2 threads per core) family 25 model 33 stepping 0 microcode 0x0, cmov, cx8, fxsr, mmx, sse, sse2, sse3, ssse3, sse4.1, sse4.2, popcnt, avx, avx2, aes, clmul, erms, mmxext, 3dnowpref, lzcnt, sse4a, ht, tsc, tscinvbit, tscinv, bmi1, bmi2, adx, sha, fma

Memory: 4k page, system-wide physical 32693M (20180M free)
TotalPageFile size 37557M (AvailPageFile size 19981M)
current process WorkingSet (physical memory assigned to process): 443M, peak: 443M
current process commit charge ("private bytes"): 1104M, peak: 1132M

vm_info: OpenJDK 64-Bit Server VM (11.0.13+8-LTS) for windows-amd64 JRE (11.0.13+8-LTS), built on Oct 13 2021 21:32:06 by "Administrator" with unknown MS VC++:1916

END.
