#
# A fatal error has been detected by the Java Runtime Environment:
#
#  EXCEPTION_ACCESS_VIOLATION (0xc0000005) at pc=0x00007ffaa8fcba56, pid=15992, tid=9760
#
# JRE version: OpenJDK Runtime Environment Corretto-11.0.13.8.1 (11.0.13+8) (build 11.0.13+8-LTS)
# Java VM: OpenJDK 64-Bit Server VM Corretto-11.0.13.8.1 (11.0.13+8-LTS, mixed mode, tiered, compressed oops, g1 gc, windows-amd64)
# Problematic frame:
# C  [ntdll.dll+0x3ba56]
#
# No core dump will be written. Minidumps are not enabled by default on client versions of Windows
#
# If you would like to submit a bug report, please visit:
#   https://github.com/corretto/corretto-11/issues/
# The crash happened outside the Java Virtual Machine in native code.
# See problematic frame for where to report the bug.
#

---------------  S U M M A R Y ------------

Command Line: -Dfile.encoding=windows-1252 -Duser.country=US -Duser.language=en -Duser.variant -ea Main

Host: AMD Ryzen 9 5900X 12-Core Processor            , 24 cores, 31G,  Windows 10 , 64 bit Build 19041 (10.0.19041.1741)
Time: Tue Jun 21 09:55:29 2022 Eastern Daylight Time elapsed time: 0.262542 seconds (0d 0h 0m 0s)

---------------  T H R E A D  ---------------

Current thread (0x000001201929d800):  JavaThread "main" [_thread_in_native, id=9760, stack(0x0000001d91100000,0x0000001d91200000)]

Stack: [0x0000001d91100000,0x0000001d91200000],  sp=0x0000001d911fe938,  free space=1018k
Native frames: (J=compiled Java code, j=interpreted, Vv=VM code, C=native code)
C  [ntdll.dll+0x3ba56]

Java frames: (J=compiled Java code, j=interpreted, Vv=VM code)
j  org.lwjgl.system.JNI.invokePPPP(IIJJJJ)J+0
j  org.lwjgl.glfw.GLFW.nglfwCreateWindow(IIJJJ)J+14
j  org.lwjgl.glfw.GLFW.glfwCreateWindow(IILjava/lang/CharSequence;JJ)J+37
j  Rixx.Window.init()V+58
j  Rixx.Window.run()V+15
j  Main.main([Ljava/lang/String;)V+5
v  ~StubRoutines::call_stub

siginfo: EXCEPTION_ACCESS_VIOLATION (0xc0000005), reading address 0x00000000000000cc


Register to memory mapping:

RIP=0x00007ffaa8fcba56 ntdll.dll
RAX=0x0 is NULL
RBX=0x0000001d911fe9c0 is pointing into the stack for thread: 0x000001201929d800
RCX=0x0000001d911fe960 is pointing into the stack for thread: 0x000001201929d800
RDX=0x00000000000000cc is an unknown value
RSP=0x0000001d911fe938 is pointing into the stack for thread: 0x000001201929d800
RBP=0x0 is NULL
RSI=0x00000000000000dc is an unknown value
RDI=0x0000001d911feb30 is pointing into the stack for thread: 0x000001201929d800
R8 =0x0 is NULL
R9 =0x0000000000000004 is an unknown value
R10=0x0 is NULL
R11=0x0000001d911fe9c0 is pointing into the stack for thread: 0x000001201929d800
R12=0x00000000ffffffff is an unknown value
R13=0x0 is NULL
R14=0x0 is NULL
R15=0x0000000000000004 is an unknown value


Registers:
RAX=0x0000000000000000, RBX=0x0000001d911fe9c0, RCX=0x0000001d911fe960, RDX=0x00000000000000cc
RSP=0x0000001d911fe938, RBP=0x0000000000000000, RSI=0x00000000000000dc, RDI=0x0000001d911feb30
R8 =0x0000000000000000, R9 =0x0000000000000004, R10=0x0000000000000000, R11=0x0000001d911fe9c0
R12=0x00000000ffffffff, R13=0x0000000000000000, R14=0x0000000000000000, R15=0x0000000000000004
RIP=0x00007ffaa8fcba56, EFLAGS=0x0000000000010256

Top of Stack: (sp=0x0000001d911fe938)
0x0000001d911fe938:   00007ffaa8428906 0000001d911feff0
0x0000001d911fe948:   00000000ffffffff 000000014ccccab7
0x0000001d911fe958:   0000000000000080 0000000000000000
0x0000001d911fe968:   00000000000000cc 000001201929d800
0x0000001d911fe978:   0000000000040008 000001204a8b72f8
0x0000001d911fe988:   0000000000000000 0000001d911feb30
0x0000001d911fe998:   00007ffa6fe89ba0 000000000000003c
0x0000001d911fe9a8:   00000000000000dc 0000001d911feb34
0x0000001d911fe9b8:   ffffffffffffffff 0000000000000000
0x0000001d911fe9c8:   0000000000000000 0000000000000000
0x0000001d911fe9d8:   0000000000000000 0000000000000000
0x0000001d911fe9e8:   0000000000000000 0000000000000000
0x0000001d911fe9f8:   0000000000000000 000000dc00000000
0x0000001d911fea08:   0000000000000000 0000000000000000
0x0000001d911fea18:   0000000000000000 0000000000000000
0x0000001d911fea28:   0000000000000000 0000000000000000 

Instructions: (pc=0x00007ffaa8fcba56)
0x00007ffaa8fcb956:   00 04 b0 01 89 0e 48 8b 8c 24 d0 00 00 00 48 33
0x00007ffaa8fcb966:   cc e8 c4 08 05 00 4c 8d 9c 24 e0 00 00 00 49 8b
0x00007ffaa8fcb976:   5b 20 49 8b 73 28 49 8b e3 5f c3 cc 41 b8 03 00
0x00007ffaa8fcb986:   00 00 48 8d 4c 24 20 48 8b d6 e8 fb 00 00 00 85
0x00007ffaa8fcb996:   c0 40 0f 99 c7 40 8a c7 eb bc e8 2b 0a 05 00 cc
0x00007ffaa8fcb9a6:   cc cc cc cc cc cc 48 8b c4 48 89 58 08 48 89 68
0x00007ffaa8fcb9b6:   10 48 89 70 18 48 89 78 20 41 56 48 83 ec 20 45
0x00007ffaa8fcb9c6:   33 f6 48 8b f2 48 8b d9 48 85 c9 74 42 48 85 d2
0x00007ffaa8fcb9d6:   74 3d 41 8b fe 66 44 3b 71 06 73 33 41 8b ee 48
0x00007ffaa8fcb9e6:   8b 43 10 48 0f bf 0c 28 48 8b 43 18 48 8d 0c 48
0x00007ffaa8fcb9f6:   48 3b ce 74 1f 48 8b d6 e8 5d 22 05 00 85 c0 74
0x00007ffaa8fcba06:   13 0f b7 43 06 ff c7 48 83 c5 02 3b f8 7c d0 83
0x00007ffaa8fcba16:   c8 ff eb 02 8b c7 48 8b 5c 24 30 48 8b 6c 24 38
0x00007ffaa8fcba26:   48 8b 74 24 40 48 8b 7c 24 48 48 83 c4 20 41 5e
0x00007ffaa8fcba36:   c3 cc cc cc cc cc cc cc cc cc 45 33 c0 4c 89 01
0x00007ffaa8fcba46:   48 89 51 08 48 85 d2 74 2b 48 83 c8 ff 48 ff c0
0x00007ffaa8fcba56:   66 44 39 04 42 75 f6 48 03 c0 ba fc ff 00 00 48
0x00007ffaa8fcba66:   3d fe ff 00 00 48 0f 43 c2 66 89 01 66 83 c0 02
0x00007ffaa8fcba76:   66 89 41 02 c3 cc cc cc cc cc cc cc cc cc cc cc
0x00007ffaa8fcba86:   cc cc cc cc cc cc cc cc cc cc 48 89 5c 24 08 48
0x00007ffaa8fcba96:   89 6c 24 10 48 89 74 24 18 57 48 83 ec 20 41 8b
0x00007ffaa8fcbaa6:   e8 48 8b da 48 8b f1 48 85 c9 74 71 48 85 d2 0f
0x00007ffaa8fcbab6:   84 eb 98 07 00 41 f7 c0 fc ff ff ff 75 66 48 8b
0x00007ffaa8fcbac6:   3d 55 0a 13 00 48 85 ff 0f 84 dc 98 07 00 48 8b
0x00007ffaa8fcbad6:   ce e8 5c 00 00 00 85 c0 78 33 48 63 d0 40 f6 c5
0x00007ffaa8fcbae6:   02 0f 84 dc 98 07 00 48 8b 47 18 8b 4c d0 04 0f
0x00007ffaa8fcbaf6:   ba f1 1f 89 0b 33 c0 48 8b 5c 24 30 48 8b 6c 24
0x00007ffaa8fcbb06:   38 48 8b 74 24 40 48 83 c4 20 5f c3 cc 48 8b ce
0x00007ffaa8fcbb16:   e8 85 ba 04 00 84 c0 0f 85 d7 98 07 00 b8 ef 00
0x00007ffaa8fcbb26:   00 c0 eb d3 b8 f1 00 00 c0 eb cc cc cc cc cc cc
0x00007ffaa8fcbb36:   cc cc 48 8b c4 48 89 58 08 48 89 68 10 48 89 70
0x00007ffaa8fcbb46:   18 48 89 78 20 41 56 48 83 ec 20 48 8b 05 c8 09 


Stack slot to memory mapping:
stack at sp + 0 slots: 0x00007ffaa8428906 USER32.dll
stack at sp + 1 slots: 0x0000001d911feff0 is pointing into the stack for thread: 0x000001201929d800
stack at sp + 2 slots: 0x00000000ffffffff is an unknown value
stack at sp + 3 slots: 0x000000014ccccab7 is an unknown value
stack at sp + 4 slots: 0x0000000000000080 is an unknown value
stack at sp + 5 slots: 0x0 is NULL
stack at sp + 6 slots: 0x00000000000000cc is an unknown value
stack at sp + 7 slots: 0x000001201929d800 is a thread


---------------  P R O C E S S  ---------------

Threads class SMR info:
_java_thread_list=0x000001204a135840, length=13, elements={
0x000001201929d800, 0x0000012049f15000, 0x0000012049f0c000, 0x0000012049f63800,
0x0000012049f65000, 0x0000012049f66000, 0x0000012049f6a000, 0x0000012049f78000,
0x0000012049fac800, 0x000001204a0f2000, 0x000001204a130000, 0x000001204a15c000,
0x000001204acb0800
}

Java Threads: ( => current thread )
=>0x000001201929d800 JavaThread "main" [_thread_in_native, id=9760, stack(0x0000001d91100000,0x0000001d91200000)]
  0x0000012049f15000 JavaThread "Reference Handler" daemon [_thread_blocked, id=19788, stack(0x0000001d91800000,0x0000001d91900000)]
  0x0000012049f0c000 JavaThread "Finalizer" daemon [_thread_blocked, id=6032, stack(0x0000001d91900000,0x0000001d91a00000)]
  0x0000012049f63800 JavaThread "Signal Dispatcher" daemon [_thread_blocked, id=18300, stack(0x0000001d91a00000,0x0000001d91b00000)]
  0x0000012049f65000 JavaThread "Attach Listener" daemon [_thread_blocked, id=20120, stack(0x0000001d91b00000,0x0000001d91c00000)]
  0x0000012049f66000 JavaThread "Service Thread" daemon [_thread_blocked, id=4612, stack(0x0000001d91c00000,0x0000001d91d00000)]
  0x0000012049f6a000 JavaThread "C2 CompilerThread0" daemon [_thread_blocked, id=11724, stack(0x0000001d91d00000,0x0000001d91e00000)]
  0x0000012049f78000 JavaThread "C1 CompilerThread0" daemon [_thread_blocked, id=3972, stack(0x0000001d91e00000,0x0000001d91f00000)]
  0x0000012049fac800 JavaThread "Sweeper thread" daemon [_thread_blocked, id=1692, stack(0x0000001d91f00000,0x0000001d92000000)]
  0x000001204a0f2000 JavaThread "C1 CompilerThread1" daemon [_thread_blocked, id=15276, stack(0x0000001d92000000,0x0000001d92100000)]
  0x000001204a130000 JavaThread "Common-Cleaner" daemon [_thread_blocked, id=8164, stack(0x0000001d92200000,0x0000001d92300000)]
  0x000001204a15c000 JavaThread "C2 CompilerThread1" daemon [_thread_blocked, id=13764, stack(0x0000001d92300000,0x0000001d92400000)]
  0x000001204acb0800 JavaThread "C1 CompilerThread2" daemon [_thread_blocked, id=8792, stack(0x0000001d92400000,0x0000001d92500000)]

Other Threads:
  0x0000012049ee1000 VMThread "VM Thread" [stack: 0x0000001d91700000,0x0000001d91800000] [id=10976]
  0x000001204a12f000 WatcherThread [stack: 0x0000001d92100000,0x0000001d92200000] [id=9620]
  0x00000120192b7800 GCTaskThread "GC Thread#0" [stack: 0x0000001d91200000,0x0000001d91300000] [id=6780]
  0x000001201933a800 ConcurrentGCThread "G1 Main Marker" [stack: 0x0000001d91300000,0x0000001d91400000] [id=17576]
  0x000001201933c000 ConcurrentGCThread "G1 Conc#0" [stack: 0x0000001d91400000,0x0000001d91500000] [id=7324]
  0x0000012049a01800 ConcurrentGCThread "G1 Refine#0" [stack: 0x0000001d91500000,0x0000001d91600000] [id=19600]
  0x0000012049a02800 ConcurrentGCThread "G1 Young RemSet Sampling" [stack: 0x0000001d91600000,0x0000001d91700000] [id=11420]

Threads with active compile tasks:

VM state:not at safepoint (normal execution)

VM Mutex/Monitor currently owned by a thread: None

Heap address: 0x0000000601200000, size: 8174 MB, Compressed Oops mode: Zero based, Oop shift amount: 3
Narrow klass base: 0x0000000800000000, Narrow klass shift: 0
Compressed class space size: 1073741824 Address: 0x0000000800000000

Heap:
 garbage-first heap   total 524288K, used 6144K [0x0000000601200000, 0x0000000800000000)
  region size 2048K, 4 young (8192K), 0 survivors (0K)
 Metaspace       used 8288K, capacity 8453K, committed 8704K, reserved 1056768K
  class space    used 679K, capacity 737K, committed 768K, reserved 1048576K
Heap Regions: E=young(eden), S=young(survivor), O=old, HS=humongous(starts), HC=humongous(continues), CS=collection set, F=free, A=archive, TAMS=top-at-mark-start (previous, next)
|   0|0x0000000601200000, 0x0000000601200000, 0x0000000601400000|  0%| F|  |TAMS 0x0000000601200000, 0x0000000601200000| Untracked 
|   1|0x0000000601400000, 0x0000000601400000, 0x0000000601600000|  0%| F|  |TAMS 0x0000000601400000, 0x0000000601400000| Untracked 
|   2|0x0000000601600000, 0x0000000601600000, 0x0000000601800000|  0%| F|  |TAMS 0x0000000601600000, 0x0000000601600000| Untracked 
|   3|0x0000000601800000, 0x0000000601800000, 0x0000000601a00000|  0%| F|  |TAMS 0x0000000601800000, 0x0000000601800000| Untracked 
|   4|0x0000000601a00000, 0x0000000601a00000, 0x0000000601c00000|  0%| F|  |TAMS 0x0000000601a00000, 0x0000000601a00000| Untracked 
|   5|0x0000000601c00000, 0x0000000601c00000, 0x0000000601e00000|  0%| F|  |TAMS 0x0000000601c00000, 0x0000000601c00000| Untracked 
|   6|0x0000000601e00000, 0x0000000601e00000, 0x0000000602000000|  0%| F|  |TAMS 0x0000000601e00000, 0x0000000601e00000| Untracked 
|   7|0x0000000602000000, 0x0000000602000000, 0x0000000602200000|  0%| F|  |TAMS 0x0000000602000000, 0x0000000602000000| Untracked 
|   8|0x0000000602200000, 0x0000000602200000, 0x0000000602400000|  0%| F|  |TAMS 0x0000000602200000, 0x0000000602200000| Untracked 
|   9|0x0000000602400000, 0x0000000602400000, 0x0000000602600000|  0%| F|  |TAMS 0x0000000602400000, 0x0000000602400000| Untracked 
|  10|0x0000000602600000, 0x0000000602600000, 0x0000000602800000|  0%| F|  |TAMS 0x0000000602600000, 0x0000000602600000| Untracked 
|  11|0x0000000602800000, 0x0000000602800000, 0x0000000602a00000|  0%| F|  |TAMS 0x0000000602800000, 0x0000000602800000| Untracked 
|  12|0x0000000602a00000, 0x0000000602a00000, 0x0000000602c00000|  0%| F|  |TAMS 0x0000000602a00000, 0x0000000602a00000| Untracked 
|  13|0x0000000602c00000, 0x0000000602c00000, 0x0000000602e00000|  0%| F|  |TAMS 0x0000000602c00000, 0x0000000602c00000| Untracked 
|  14|0x0000000602e00000, 0x0000000602e00000, 0x0000000603000000|  0%| F|  |TAMS 0x0000000602e00000, 0x0000000602e00000| Untracked 
|  15|0x0000000603000000, 0x0000000603000000, 0x0000000603200000|  0%| F|  |TAMS 0x0000000603000000, 0x0000000603000000| Untracked 
|  16|0x0000000603200000, 0x0000000603200000, 0x0000000603400000|  0%| F|  |TAMS 0x0000000603200000, 0x0000000603200000| Untracked 
|  17|0x0000000603400000, 0x0000000603400000, 0x0000000603600000|  0%| F|  |TAMS 0x0000000603400000, 0x0000000603400000| Untracked 
|  18|0x0000000603600000, 0x0000000603600000, 0x0000000603800000|  0%| F|  |TAMS 0x0000000603600000, 0x0000000603600000| Untracked 
|  19|0x0000000603800000, 0x0000000603800000, 0x0000000603a00000|  0%| F|  |TAMS 0x0000000603800000, 0x0000000603800000| Untracked 
|  20|0x0000000603a00000, 0x0000000603a00000, 0x0000000603c00000|  0%| F|  |TAMS 0x0000000603a00000, 0x0000000603a00000| Untracked 
|  21|0x0000000603c00000, 0x0000000603c00000, 0x0000000603e00000|  0%| F|  |TAMS 0x0000000603c00000, 0x0000000603c00000| Untracked 
|  22|0x0000000603e00000, 0x0000000603e00000, 0x0000000604000000|  0%| F|  |TAMS 0x0000000603e00000, 0x0000000603e00000| Untracked 
|  23|0x0000000604000000, 0x0000000604000000, 0x0000000604200000|  0%| F|  |TAMS 0x0000000604000000, 0x0000000604000000| Untracked 
|  24|0x0000000604200000, 0x0000000604200000, 0x0000000604400000|  0%| F|  |TAMS 0x0000000604200000, 0x0000000604200000| Untracked 
|  25|0x0000000604400000, 0x0000000604400000, 0x0000000604600000|  0%| F|  |TAMS 0x0000000604400000, 0x0000000604400000| Untracked 
|  26|0x0000000604600000, 0x0000000604600000, 0x0000000604800000|  0%| F|  |TAMS 0x0000000604600000, 0x0000000604600000| Untracked 
|  27|0x0000000604800000, 0x0000000604800000, 0x0000000604a00000|  0%| F|  |TAMS 0x0000000604800000, 0x0000000604800000| Untracked 
|  28|0x0000000604a00000, 0x0000000604a00000, 0x0000000604c00000|  0%| F|  |TAMS 0x0000000604a00000, 0x0000000604a00000| Untracked 
|  29|0x0000000604c00000, 0x0000000604c00000, 0x0000000604e00000|  0%| F|  |TAMS 0x0000000604c00000, 0x0000000604c00000| Untracked 
|  30|0x0000000604e00000, 0x0000000604e00000, 0x0000000605000000|  0%| F|  |TAMS 0x0000000604e00000, 0x0000000604e00000| Untracked 
|  31|0x0000000605000000, 0x0000000605000000, 0x0000000605200000|  0%| F|  |TAMS 0x0000000605000000, 0x0000000605000000| Untracked 
|  32|0x0000000605200000, 0x0000000605200000, 0x0000000605400000|  0%| F|  |TAMS 0x0000000605200000, 0x0000000605200000| Untracked 
|  33|0x0000000605400000, 0x0000000605400000, 0x0000000605600000|  0%| F|  |TAMS 0x0000000605400000, 0x0000000605400000| Untracked 
|  34|0x0000000605600000, 0x0000000605600000, 0x0000000605800000|  0%| F|  |TAMS 0x0000000605600000, 0x0000000605600000| Untracked 
|  35|0x0000000605800000, 0x0000000605800000, 0x0000000605a00000|  0%| F|  |TAMS 0x0000000605800000, 0x0000000605800000| Untracked 
|  36|0x0000000605a00000, 0x0000000605a00000, 0x0000000605c00000|  0%| F|  |TAMS 0x0000000605a00000, 0x0000000605a00000| Untracked 
|  37|0x0000000605c00000, 0x0000000605c00000, 0x0000000605e00000|  0%| F|  |TAMS 0x0000000605c00000, 0x0000000605c00000| Untracked 
|  38|0x0000000605e00000, 0x0000000605e00000, 0x0000000606000000|  0%| F|  |TAMS 0x0000000605e00000, 0x0000000605e00000| Untracked 
|  39|0x0000000606000000, 0x0000000606000000, 0x0000000606200000|  0%| F|  |TAMS 0x0000000606000000, 0x0000000606000000| Untracked 
|  40|0x0000000606200000, 0x0000000606200000, 0x0000000606400000|  0%| F|  |TAMS 0x0000000606200000, 0x0000000606200000| Untracked 
|  41|0x0000000606400000, 0x0000000606400000, 0x0000000606600000|  0%| F|  |TAMS 0x0000000606400000, 0x0000000606400000| Untracked 
|  42|0x0000000606600000, 0x0000000606600000, 0x0000000606800000|  0%| F|  |TAMS 0x0000000606600000, 0x0000000606600000| Untracked 
|  43|0x0000000606800000, 0x0000000606800000, 0x0000000606a00000|  0%| F|  |TAMS 0x0000000606800000, 0x0000000606800000| Untracked 
|  44|0x0000000606a00000, 0x0000000606a00000, 0x0000000606c00000|  0%| F|  |TAMS 0x0000000606a00000, 0x0000000606a00000| Untracked 
|  45|0x0000000606c00000, 0x0000000606c00000, 0x0000000606e00000|  0%| F|  |TAMS 0x0000000606c00000, 0x0000000606c00000| Untracked 
|  46|0x0000000606e00000, 0x0000000606e00000, 0x0000000607000000|  0%| F|  |TAMS 0x0000000606e00000, 0x0000000606e00000| Untracked 
|  47|0x0000000607000000, 0x0000000607000000, 0x0000000607200000|  0%| F|  |TAMS 0x0000000607000000, 0x0000000607000000| Untracked 
|  48|0x0000000607200000, 0x0000000607200000, 0x0000000607400000|  0%| F|  |TAMS 0x0000000607200000, 0x0000000607200000| Untracked 
|  49|0x0000000607400000, 0x0000000607400000, 0x0000000607600000|  0%| F|  |TAMS 0x0000000607400000, 0x0000000607400000| Untracked 
|  50|0x0000000607600000, 0x0000000607600000, 0x0000000607800000|  0%| F|  |TAMS 0x0000000607600000, 0x0000000607600000| Untracked 
|  51|0x0000000607800000, 0x0000000607800000, 0x0000000607a00000|  0%| F|  |TAMS 0x0000000607800000, 0x0000000607800000| Untracked 
|  52|0x0000000607a00000, 0x0000000607a00000, 0x0000000607c00000|  0%| F|  |TAMS 0x0000000607a00000, 0x0000000607a00000| Untracked 
|  53|0x0000000607c00000, 0x0000000607c00000, 0x0000000607e00000|  0%| F|  |TAMS 0x0000000607c00000, 0x0000000607c00000| Untracked 
|  54|0x0000000607e00000, 0x0000000607e00000, 0x0000000608000000|  0%| F|  |TAMS 0x0000000607e00000, 0x0000000607e00000| Untracked 
|  55|0x0000000608000000, 0x0000000608000000, 0x0000000608200000|  0%| F|  |TAMS 0x0000000608000000, 0x0000000608000000| Untracked 
|  56|0x0000000608200000, 0x0000000608200000, 0x0000000608400000|  0%| F|  |TAMS 0x0000000608200000, 0x0000000608200000| Untracked 
|  57|0x0000000608400000, 0x0000000608400000, 0x0000000608600000|  0%| F|  |TAMS 0x0000000608400000, 0x0000000608400000| Untracked 
|  58|0x0000000608600000, 0x0000000608600000, 0x0000000608800000|  0%| F|  |TAMS 0x0000000608600000, 0x0000000608600000| Untracked 
|  59|0x0000000608800000, 0x0000000608800000, 0x0000000608a00000|  0%| F|  |TAMS 0x0000000608800000, 0x0000000608800000| Untracked 
|  60|0x0000000608a00000, 0x0000000608a00000, 0x0000000608c00000|  0%| F|  |TAMS 0x0000000608a00000, 0x0000000608a00000| Untracked 
|  61|0x0000000608c00000, 0x0000000608c00000, 0x0000000608e00000|  0%| F|  |TAMS 0x0000000608c00000, 0x0000000608c00000| Untracked 
|  62|0x0000000608e00000, 0x0000000608e00000, 0x0000000609000000|  0%| F|  |TAMS 0x0000000608e00000, 0x0000000608e00000| Untracked 
|  63|0x0000000609000000, 0x0000000609000000, 0x0000000609200000|  0%| F|  |TAMS 0x0000000609000000, 0x0000000609000000| Untracked 
|  64|0x0000000609200000, 0x0000000609200000, 0x0000000609400000|  0%| F|  |TAMS 0x0000000609200000, 0x0000000609200000| Untracked 
|  65|0x0000000609400000, 0x0000000609400000, 0x0000000609600000|  0%| F|  |TAMS 0x0000000609400000, 0x0000000609400000| Untracked 
|  66|0x0000000609600000, 0x0000000609600000, 0x0000000609800000|  0%| F|  |TAMS 0x0000000609600000, 0x0000000609600000| Untracked 
|  67|0x0000000609800000, 0x0000000609800000, 0x0000000609a00000|  0%| F|  |TAMS 0x0000000609800000, 0x0000000609800000| Untracked 
|  68|0x0000000609a00000, 0x0000000609a00000, 0x0000000609c00000|  0%| F|  |TAMS 0x0000000609a00000, 0x0000000609a00000| Untracked 
|  69|0x0000000609c00000, 0x0000000609c00000, 0x0000000609e00000|  0%| F|  |TAMS 0x0000000609c00000, 0x0000000609c00000| Untracked 
|  70|0x0000000609e00000, 0x0000000609e00000, 0x000000060a000000|  0%| F|  |TAMS 0x0000000609e00000, 0x0000000609e00000| Untracked 
|  71|0x000000060a000000, 0x000000060a000000, 0x000000060a200000|  0%| F|  |TAMS 0x000000060a000000, 0x000000060a000000| Untracked 
|  72|0x000000060a200000, 0x000000060a200000, 0x000000060a400000|  0%| F|  |TAMS 0x000000060a200000, 0x000000060a200000| Untracked 
|  73|0x000000060a400000, 0x000000060a400000, 0x000000060a600000|  0%| F|  |TAMS 0x000000060a400000, 0x000000060a400000| Untracked 
|  74|0x000000060a600000, 0x000000060a600000, 0x000000060a800000|  0%| F|  |TAMS 0x000000060a600000, 0x000000060a600000| Untracked 
|  75|0x000000060a800000, 0x000000060a800000, 0x000000060aa00000|  0%| F|  |TAMS 0x000000060a800000, 0x000000060a800000| Untracked 
|  76|0x000000060aa00000, 0x000000060aa00000, 0x000000060ac00000|  0%| F|  |TAMS 0x000000060aa00000, 0x000000060aa00000| Untracked 
|  77|0x000000060ac00000, 0x000000060ac00000, 0x000000060ae00000|  0%| F|  |TAMS 0x000000060ac00000, 0x000000060ac00000| Untracked 
|  78|0x000000060ae00000, 0x000000060ae00000, 0x000000060b000000|  0%| F|  |TAMS 0x000000060ae00000, 0x000000060ae00000| Untracked 
|  79|0x000000060b000000, 0x000000060b000000, 0x000000060b200000|  0%| F|  |TAMS 0x000000060b000000, 0x000000060b000000| Untracked 
|  80|0x000000060b200000, 0x000000060b200000, 0x000000060b400000|  0%| F|  |TAMS 0x000000060b200000, 0x000000060b200000| Untracked 
|  81|0x000000060b400000, 0x000000060b400000, 0x000000060b600000|  0%| F|  |TAMS 0x000000060b400000, 0x000000060b400000| Untracked 
|  82|0x000000060b600000, 0x000000060b600000, 0x000000060b800000|  0%| F|  |TAMS 0x000000060b600000, 0x000000060b600000| Untracked 
|  83|0x000000060b800000, 0x000000060b800000, 0x000000060ba00000|  0%| F|  |TAMS 0x000000060b800000, 0x000000060b800000| Untracked 
|  84|0x000000060ba00000, 0x000000060ba00000, 0x000000060bc00000|  0%| F|  |TAMS 0x000000060ba00000, 0x000000060ba00000| Untracked 
|  85|0x000000060bc00000, 0x000000060bc00000, 0x000000060be00000|  0%| F|  |TAMS 0x000000060bc00000, 0x000000060bc00000| Untracked 
|  86|0x000000060be00000, 0x000000060be00000, 0x000000060c000000|  0%| F|  |TAMS 0x000000060be00000, 0x000000060be00000| Untracked 
|  87|0x000000060c000000, 0x000000060c000000, 0x000000060c200000|  0%| F|  |TAMS 0x000000060c000000, 0x000000060c000000| Untracked 
|  88|0x000000060c200000, 0x000000060c200000, 0x000000060c400000|  0%| F|  |TAMS 0x000000060c200000, 0x000000060c200000| Untracked 
|  89|0x000000060c400000, 0x000000060c400000, 0x000000060c600000|  0%| F|  |TAMS 0x000000060c400000, 0x000000060c400000| Untracked 
|  90|0x000000060c600000, 0x000000060c600000, 0x000000060c800000|  0%| F|  |TAMS 0x000000060c600000, 0x000000060c600000| Untracked 
|  91|0x000000060c800000, 0x000000060c800000, 0x000000060ca00000|  0%| F|  |TAMS 0x000000060c800000, 0x000000060c800000| Untracked 
|  92|0x000000060ca00000, 0x000000060ca00000, 0x000000060cc00000|  0%| F|  |TAMS 0x000000060ca00000, 0x000000060ca00000| Untracked 
|  93|0x000000060cc00000, 0x000000060cc00000, 0x000000060ce00000|  0%| F|  |TAMS 0x000000060cc00000, 0x000000060cc00000| Untracked 
|  94|0x000000060ce00000, 0x000000060ce00000, 0x000000060d000000|  0%| F|  |TAMS 0x000000060ce00000, 0x000000060ce00000| Untracked 
|  95|0x000000060d000000, 0x000000060d000000, 0x000000060d200000|  0%| F|  |TAMS 0x000000060d000000, 0x000000060d000000| Untracked 
|  96|0x000000060d200000, 0x000000060d200000, 0x000000060d400000|  0%| F|  |TAMS 0x000000060d200000, 0x000000060d200000| Untracked 
|  97|0x000000060d400000, 0x000000060d400000, 0x000000060d600000|  0%| F|  |TAMS 0x000000060d400000, 0x000000060d400000| Untracked 
|  98|0x000000060d600000, 0x000000060d600000, 0x000000060d800000|  0%| F|  |TAMS 0x000000060d600000, 0x000000060d600000| Untracked 
|  99|0x000000060d800000, 0x000000060d800000, 0x000000060da00000|  0%| F|  |TAMS 0x000000060d800000, 0x000000060d800000| Untracked 
| 100|0x000000060da00000, 0x000000060da00000, 0x000000060dc00000|  0%| F|  |TAMS 0x000000060da00000, 0x000000060da00000| Untracked 
| 101|0x000000060dc00000, 0x000000060dc00000, 0x000000060de00000|  0%| F|  |TAMS 0x000000060dc00000, 0x000000060dc00000| Untracked 
| 102|0x000000060de00000, 0x000000060de00000, 0x000000060e000000|  0%| F|  |TAMS 0x000000060de00000, 0x000000060de00000| Untracked 
| 103|0x000000060e000000, 0x000000060e000000, 0x000000060e200000|  0%| F|  |TAMS 0x000000060e000000, 0x000000060e000000| Untracked 
| 104|0x000000060e200000, 0x000000060e200000, 0x000000060e400000|  0%| F|  |TAMS 0x000000060e200000, 0x000000060e200000| Untracked 
| 105|0x000000060e400000, 0x000000060e400000, 0x000000060e600000|  0%| F|  |TAMS 0x000000060e400000, 0x000000060e400000| Untracked 
| 106|0x000000060e600000, 0x000000060e600000, 0x000000060e800000|  0%| F|  |TAMS 0x000000060e600000, 0x000000060e600000| Untracked 
| 107|0x000000060e800000, 0x000000060e800000, 0x000000060ea00000|  0%| F|  |TAMS 0x000000060e800000, 0x000000060e800000| Untracked 
| 108|0x000000060ea00000, 0x000000060ea00000, 0x000000060ec00000|  0%| F|  |TAMS 0x000000060ea00000, 0x000000060ea00000| Untracked 
| 109|0x000000060ec00000, 0x000000060ec00000, 0x000000060ee00000|  0%| F|  |TAMS 0x000000060ec00000, 0x000000060ec00000| Untracked 
| 110|0x000000060ee00000, 0x000000060ee00000, 0x000000060f000000|  0%| F|  |TAMS 0x000000060ee00000, 0x000000060ee00000| Untracked 
| 111|0x000000060f000000, 0x000000060f000000, 0x000000060f200000|  0%| F|  |TAMS 0x000000060f000000, 0x000000060f000000| Untracked 
| 112|0x000000060f200000, 0x000000060f200000, 0x000000060f400000|  0%| F|  |TAMS 0x000000060f200000, 0x000000060f200000| Untracked 
| 113|0x000000060f400000, 0x000000060f400000, 0x000000060f600000|  0%| F|  |TAMS 0x000000060f400000, 0x000000060f400000| Untracked 
| 114|0x000000060f600000, 0x000000060f600000, 0x000000060f800000|  0%| F|  |TAMS 0x000000060f600000, 0x000000060f600000| Untracked 
| 115|0x000000060f800000, 0x000000060f800000, 0x000000060fa00000|  0%| F|  |TAMS 0x000000060f800000, 0x000000060f800000| Untracked 
| 116|0x000000060fa00000, 0x000000060fa00000, 0x000000060fc00000|  0%| F|  |TAMS 0x000000060fa00000, 0x000000060fa00000| Untracked 
| 117|0x000000060fc00000, 0x000000060fc00000, 0x000000060fe00000|  0%| F|  |TAMS 0x000000060fc00000, 0x000000060fc00000| Untracked 
| 118|0x000000060fe00000, 0x000000060fe00000, 0x0000000610000000|  0%| F|  |TAMS 0x000000060fe00000, 0x000000060fe00000| Untracked 
| 119|0x0000000610000000, 0x0000000610000000, 0x0000000610200000|  0%| F|  |TAMS 0x0000000610000000, 0x0000000610000000| Untracked 
| 120|0x0000000610200000, 0x0000000610200000, 0x0000000610400000|  0%| F|  |TAMS 0x0000000610200000, 0x0000000610200000| Untracked 
| 121|0x0000000610400000, 0x0000000610400000, 0x0000000610600000|  0%| F|  |TAMS 0x0000000610400000, 0x0000000610400000| Untracked 
| 122|0x0000000610600000, 0x0000000610600000, 0x0000000610800000|  0%| F|  |TAMS 0x0000000610600000, 0x0000000610600000| Untracked 
| 123|0x0000000610800000, 0x0000000610800000, 0x0000000610a00000|  0%| F|  |TAMS 0x0000000610800000, 0x0000000610800000| Untracked 
| 124|0x0000000610a00000, 0x0000000610a00000, 0x0000000610c00000|  0%| F|  |TAMS 0x0000000610a00000, 0x0000000610a00000| Untracked 
| 125|0x0000000610c00000, 0x0000000610c00000, 0x0000000610e00000|  0%| F|  |TAMS 0x0000000610c00000, 0x0000000610c00000| Untracked 
| 126|0x0000000610e00000, 0x0000000610e00000, 0x0000000611000000|  0%| F|  |TAMS 0x0000000610e00000, 0x0000000610e00000| Untracked 
| 127|0x0000000611000000, 0x0000000611000000, 0x0000000611200000|  0%| F|  |TAMS 0x0000000611000000, 0x0000000611000000| Untracked 
| 128|0x0000000611200000, 0x0000000611200000, 0x0000000611400000|  0%| F|  |TAMS 0x0000000611200000, 0x0000000611200000| Untracked 
| 129|0x0000000611400000, 0x0000000611400000, 0x0000000611600000|  0%| F|  |TAMS 0x0000000611400000, 0x0000000611400000| Untracked 
| 130|0x0000000611600000, 0x0000000611600000, 0x0000000611800000|  0%| F|  |TAMS 0x0000000611600000, 0x0000000611600000| Untracked 
| 131|0x0000000611800000, 0x0000000611800000, 0x0000000611a00000|  0%| F|  |TAMS 0x0000000611800000, 0x0000000611800000| Untracked 
| 132|0x0000000611a00000, 0x0000000611a00000, 0x0000000611c00000|  0%| F|  |TAMS 0x0000000611a00000, 0x0000000611a00000| Untracked 
| 133|0x0000000611c00000, 0x0000000611c00000, 0x0000000611e00000|  0%| F|  |TAMS 0x0000000611c00000, 0x0000000611c00000| Untracked 
| 134|0x0000000611e00000, 0x0000000611e00000, 0x0000000612000000|  0%| F|  |TAMS 0x0000000611e00000, 0x0000000611e00000| Untracked 
| 135|0x0000000612000000, 0x0000000612000000, 0x0000000612200000|  0%| F|  |TAMS 0x0000000612000000, 0x0000000612000000| Untracked 
| 136|0x0000000612200000, 0x0000000612200000, 0x0000000612400000|  0%| F|  |TAMS 0x0000000612200000, 0x0000000612200000| Untracked 
| 137|0x0000000612400000, 0x0000000612400000, 0x0000000612600000|  0%| F|  |TAMS 0x0000000612400000, 0x0000000612400000| Untracked 
| 138|0x0000000612600000, 0x0000000612600000, 0x0000000612800000|  0%| F|  |TAMS 0x0000000612600000, 0x0000000612600000| Untracked 
| 139|0x0000000612800000, 0x0000000612800000, 0x0000000612a00000|  0%| F|  |TAMS 0x0000000612800000, 0x0000000612800000| Untracked 
| 140|0x0000000612a00000, 0x0000000612a00000, 0x0000000612c00000|  0%| F|  |TAMS 0x0000000612a00000, 0x0000000612a00000| Untracked 
| 141|0x0000000612c00000, 0x0000000612c00000, 0x0000000612e00000|  0%| F|  |TAMS 0x0000000612c00000, 0x0000000612c00000| Untracked 
| 142|0x0000000612e00000, 0x0000000612e00000, 0x0000000613000000|  0%| F|  |TAMS 0x0000000612e00000, 0x0000000612e00000| Untracked 
| 143|0x0000000613000000, 0x0000000613000000, 0x0000000613200000|  0%| F|  |TAMS 0x0000000613000000, 0x0000000613000000| Untracked 
| 144|0x0000000613200000, 0x0000000613200000, 0x0000000613400000|  0%| F|  |TAMS 0x0000000613200000, 0x0000000613200000| Untracked 
| 145|0x0000000613400000, 0x0000000613400000, 0x0000000613600000|  0%| F|  |TAMS 0x0000000613400000, 0x0000000613400000| Untracked 
| 146|0x0000000613600000, 0x0000000613600000, 0x0000000613800000|  0%| F|  |TAMS 0x0000000613600000, 0x0000000613600000| Untracked 
| 147|0x0000000613800000, 0x0000000613800000, 0x0000000613a00000|  0%| F|  |TAMS 0x0000000613800000, 0x0000000613800000| Untracked 
| 148|0x0000000613a00000, 0x0000000613a00000, 0x0000000613c00000|  0%| F|  |TAMS 0x0000000613a00000, 0x0000000613a00000| Untracked 
| 149|0x0000000613c00000, 0x0000000613c00000, 0x0000000613e00000|  0%| F|  |TAMS 0x0000000613c00000, 0x0000000613c00000| Untracked 
| 150|0x0000000613e00000, 0x0000000613e00000, 0x0000000614000000|  0%| F|  |TAMS 0x0000000613e00000, 0x0000000613e00000| Untracked 
| 151|0x0000000614000000, 0x0000000614000000, 0x0000000614200000|  0%| F|  |TAMS 0x0000000614000000, 0x0000000614000000| Untracked 
| 152|0x0000000614200000, 0x0000000614200000, 0x0000000614400000|  0%| F|  |TAMS 0x0000000614200000, 0x0000000614200000| Untracked 
| 153|0x0000000614400000, 0x0000000614400000, 0x0000000614600000|  0%| F|  |TAMS 0x0000000614400000, 0x0000000614400000| Untracked 
| 154|0x0000000614600000, 0x0000000614600000, 0x0000000614800000|  0%| F|  |TAMS 0x0000000614600000, 0x0000000614600000| Untracked 
| 155|0x0000000614800000, 0x0000000614800000, 0x0000000614a00000|  0%| F|  |TAMS 0x0000000614800000, 0x0000000614800000| Untracked 
| 156|0x0000000614a00000, 0x0000000614a00000, 0x0000000614c00000|  0%| F|  |TAMS 0x0000000614a00000, 0x0000000614a00000| Untracked 
| 157|0x0000000614c00000, 0x0000000614c00000, 0x0000000614e00000|  0%| F|  |TAMS 0x0000000614c00000, 0x0000000614c00000| Untracked 
| 158|0x0000000614e00000, 0x0000000614e00000, 0x0000000615000000|  0%| F|  |TAMS 0x0000000614e00000, 0x0000000614e00000| Untracked 
| 159|0x0000000615000000, 0x0000000615000000, 0x0000000615200000|  0%| F|  |TAMS 0x0000000615000000, 0x0000000615000000| Untracked 
| 160|0x0000000615200000, 0x0000000615200000, 0x0000000615400000|  0%| F|  |TAMS 0x0000000615200000, 0x0000000615200000| Untracked 
| 161|0x0000000615400000, 0x0000000615400000, 0x0000000615600000|  0%| F|  |TAMS 0x0000000615400000, 0x0000000615400000| Untracked 
| 162|0x0000000615600000, 0x0000000615600000, 0x0000000615800000|  0%| F|  |TAMS 0x0000000615600000, 0x0000000615600000| Untracked 
| 163|0x0000000615800000, 0x0000000615800000, 0x0000000615a00000|  0%| F|  |TAMS 0x0000000615800000, 0x0000000615800000| Untracked 
| 164|0x0000000615a00000, 0x0000000615a00000, 0x0000000615c00000|  0%| F|  |TAMS 0x0000000615a00000, 0x0000000615a00000| Untracked 
| 165|0x0000000615c00000, 0x0000000615c00000, 0x0000000615e00000|  0%| F|  |TAMS 0x0000000615c00000, 0x0000000615c00000| Untracked 
| 166|0x0000000615e00000, 0x0000000615e00000, 0x0000000616000000|  0%| F|  |TAMS 0x0000000615e00000, 0x0000000615e00000| Untracked 
| 167|0x0000000616000000, 0x0000000616000000, 0x0000000616200000|  0%| F|  |TAMS 0x0000000616000000, 0x0000000616000000| Untracked 
| 168|0x0000000616200000, 0x0000000616200000, 0x0000000616400000|  0%| F|  |TAMS 0x0000000616200000, 0x0000000616200000| Untracked 
| 169|0x0000000616400000, 0x0000000616400000, 0x0000000616600000|  0%| F|  |TAMS 0x0000000616400000, 0x0000000616400000| Untracked 
| 170|0x0000000616600000, 0x0000000616600000, 0x0000000616800000|  0%| F|  |TAMS 0x0000000616600000, 0x0000000616600000| Untracked 
| 171|0x0000000616800000, 0x0000000616800000, 0x0000000616a00000|  0%| F|  |TAMS 0x0000000616800000, 0x0000000616800000| Untracked 
| 172|0x0000000616a00000, 0x0000000616a00000, 0x0000000616c00000|  0%| F|  |TAMS 0x0000000616a00000, 0x0000000616a00000| Untracked 
| 173|0x0000000616c00000, 0x0000000616c00000, 0x0000000616e00000|  0%| F|  |TAMS 0x0000000616c00000, 0x0000000616c00000| Untracked 
| 174|0x0000000616e00000, 0x0000000616e00000, 0x0000000617000000|  0%| F|  |TAMS 0x0000000616e00000, 0x0000000616e00000| Untracked 
| 175|0x0000000617000000, 0x0000000617000000, 0x0000000617200000|  0%| F|  |TAMS 0x0000000617000000, 0x0000000617000000| Untracked 
| 176|0x0000000617200000, 0x0000000617200000, 0x0000000617400000|  0%| F|  |TAMS 0x0000000617200000, 0x0000000617200000| Untracked 
| 177|0x0000000617400000, 0x0000000617400000, 0x0000000617600000|  0%| F|  |TAMS 0x0000000617400000, 0x0000000617400000| Untracked 
| 178|0x0000000617600000, 0x0000000617600000, 0x0000000617800000|  0%| F|  |TAMS 0x0000000617600000, 0x0000000617600000| Untracked 
| 179|0x0000000617800000, 0x0000000617800000, 0x0000000617a00000|  0%| F|  |TAMS 0x0000000617800000, 0x0000000617800000| Untracked 
| 180|0x0000000617a00000, 0x0000000617a00000, 0x0000000617c00000|  0%| F|  |TAMS 0x0000000617a00000, 0x0000000617a00000| Untracked 
| 181|0x0000000617c00000, 0x0000000617c00000, 0x0000000617e00000|  0%| F|  |TAMS 0x0000000617c00000, 0x0000000617c00000| Untracked 
| 182|0x0000000617e00000, 0x0000000617e00000, 0x0000000618000000|  0%| F|  |TAMS 0x0000000617e00000, 0x0000000617e00000| Untracked 
| 183|0x0000000618000000, 0x0000000618000000, 0x0000000618200000|  0%| F|  |TAMS 0x0000000618000000, 0x0000000618000000| Untracked 
| 184|0x0000000618200000, 0x0000000618200000, 0x0000000618400000|  0%| F|  |TAMS 0x0000000618200000, 0x0000000618200000| Untracked 
| 185|0x0000000618400000, 0x0000000618400000, 0x0000000618600000|  0%| F|  |TAMS 0x0000000618400000, 0x0000000618400000| Untracked 
| 186|0x0000000618600000, 0x0000000618600000, 0x0000000618800000|  0%| F|  |TAMS 0x0000000618600000, 0x0000000618600000| Untracked 
| 187|0x0000000618800000, 0x0000000618800000, 0x0000000618a00000|  0%| F|  |TAMS 0x0000000618800000, 0x0000000618800000| Untracked 
| 188|0x0000000618a00000, 0x0000000618a00000, 0x0000000618c00000|  0%| F|  |TAMS 0x0000000618a00000, 0x0000000618a00000| Untracked 
| 189|0x0000000618c00000, 0x0000000618c00000, 0x0000000618e00000|  0%| F|  |TAMS 0x0000000618c00000, 0x0000000618c00000| Untracked 
| 190|0x0000000618e00000, 0x0000000618e00000, 0x0000000619000000|  0%| F|  |TAMS 0x0000000618e00000, 0x0000000618e00000| Untracked 
| 191|0x0000000619000000, 0x0000000619000000, 0x0000000619200000|  0%| F|  |TAMS 0x0000000619000000, 0x0000000619000000| Untracked 
| 192|0x0000000619200000, 0x0000000619200000, 0x0000000619400000|  0%| F|  |TAMS 0x0000000619200000, 0x0000000619200000| Untracked 
| 193|0x0000000619400000, 0x0000000619400000, 0x0000000619600000|  0%| F|  |TAMS 0x0000000619400000, 0x0000000619400000| Untracked 
| 194|0x0000000619600000, 0x0000000619600000, 0x0000000619800000|  0%| F|  |TAMS 0x0000000619600000, 0x0000000619600000| Untracked 
| 195|0x0000000619800000, 0x0000000619800000, 0x0000000619a00000|  0%| F|  |TAMS 0x0000000619800000, 0x0000000619800000| Untracked 
| 196|0x0000000619a00000, 0x0000000619a00000, 0x0000000619c00000|  0%| F|  |TAMS 0x0000000619a00000, 0x0000000619a00000| Untracked 
| 197|0x0000000619c00000, 0x0000000619c00000, 0x0000000619e00000|  0%| F|  |TAMS 0x0000000619c00000, 0x0000000619c00000| Untracked 
| 198|0x0000000619e00000, 0x0000000619e00000, 0x000000061a000000|  0%| F|  |TAMS 0x0000000619e00000, 0x0000000619e00000| Untracked 
| 199|0x000000061a000000, 0x000000061a000000, 0x000000061a200000|  0%| F|  |TAMS 0x000000061a000000, 0x000000061a000000| Untracked 
| 200|0x000000061a200000, 0x000000061a200000, 0x000000061a400000|  0%| F|  |TAMS 0x000000061a200000, 0x000000061a200000| Untracked 
| 201|0x000000061a400000, 0x000000061a400000, 0x000000061a600000|  0%| F|  |TAMS 0x000000061a400000, 0x000000061a400000| Untracked 
| 202|0x000000061a600000, 0x000000061a600000, 0x000000061a800000|  0%| F|  |TAMS 0x000000061a600000, 0x000000061a600000| Untracked 
| 203|0x000000061a800000, 0x000000061a800000, 0x000000061aa00000|  0%| F|  |TAMS 0x000000061a800000, 0x000000061a800000| Untracked 
| 204|0x000000061aa00000, 0x000000061aa00000, 0x000000061ac00000|  0%| F|  |TAMS 0x000000061aa00000, 0x000000061aa00000| Untracked 
| 205|0x000000061ac00000, 0x000000061ac00000, 0x000000061ae00000|  0%| F|  |TAMS 0x000000061ac00000, 0x000000061ac00000| Untracked 
| 206|0x000000061ae00000, 0x000000061ae00000, 0x000000061b000000|  0%| F|  |TAMS 0x000000061ae00000, 0x000000061ae00000| Untracked 
| 207|0x000000061b000000, 0x000000061b000000, 0x000000061b200000|  0%| F|  |TAMS 0x000000061b000000, 0x000000061b000000| Untracked 
| 208|0x000000061b200000, 0x000000061b200000, 0x000000061b400000|  0%| F|  |TAMS 0x000000061b200000, 0x000000061b200000| Untracked 
| 209|0x000000061b400000, 0x000000061b400000, 0x000000061b600000|  0%| F|  |TAMS 0x000000061b400000, 0x000000061b400000| Untracked 
| 210|0x000000061b600000, 0x000000061b600000, 0x000000061b800000|  0%| F|  |TAMS 0x000000061b600000, 0x000000061b600000| Untracked 
| 211|0x000000061b800000, 0x000000061b800000, 0x000000061ba00000|  0%| F|  |TAMS 0x000000061b800000, 0x000000061b800000| Untracked 
| 212|0x000000061ba00000, 0x000000061ba00000, 0x000000061bc00000|  0%| F|  |TAMS 0x000000061ba00000, 0x000000061ba00000| Untracked 
| 213|0x000000061bc00000, 0x000000061bc00000, 0x000000061be00000|  0%| F|  |TAMS 0x000000061bc00000, 0x000000061bc00000| Untracked 
| 214|0x000000061be00000, 0x000000061be00000, 0x000000061c000000|  0%| F|  |TAMS 0x000000061be00000, 0x000000061be00000| Untracked 
| 215|0x000000061c000000, 0x000000061c000000, 0x000000061c200000|  0%| F|  |TAMS 0x000000061c000000, 0x000000061c000000| Untracked 
| 216|0x000000061c200000, 0x000000061c200000, 0x000000061c400000|  0%| F|  |TAMS 0x000000061c200000, 0x000000061c200000| Untracked 
| 217|0x000000061c400000, 0x000000061c400000, 0x000000061c600000|  0%| F|  |TAMS 0x000000061c400000, 0x000000061c400000| Untracked 
| 218|0x000000061c600000, 0x000000061c600000, 0x000000061c800000|  0%| F|  |TAMS 0x000000061c600000, 0x000000061c600000| Untracked 
| 219|0x000000061c800000, 0x000000061c800000, 0x000000061ca00000|  0%| F|  |TAMS 0x000000061c800000, 0x000000061c800000| Untracked 
| 220|0x000000061ca00000, 0x000000061ca00000, 0x000000061cc00000|  0%| F|  |TAMS 0x000000061ca00000, 0x000000061ca00000| Untracked 
| 221|0x000000061cc00000, 0x000000061cc00000, 0x000000061ce00000|  0%| F|  |TAMS 0x000000061cc00000, 0x000000061cc00000| Untracked 
| 222|0x000000061ce00000, 0x000000061ce00000, 0x000000061d000000|  0%| F|  |TAMS 0x000000061ce00000, 0x000000061ce00000| Untracked 
| 223|0x000000061d000000, 0x000000061d000000, 0x000000061d200000|  0%| F|  |TAMS 0x000000061d000000, 0x000000061d000000| Untracked 
| 224|0x000000061d200000, 0x000000061d200000, 0x000000061d400000|  0%| F|  |TAMS 0x000000061d200000, 0x000000061d200000| Untracked 
| 225|0x000000061d400000, 0x000000061d400000, 0x000000061d600000|  0%| F|  |TAMS 0x000000061d400000, 0x000000061d400000| Untracked 
| 226|0x000000061d600000, 0x000000061d600000, 0x000000061d800000|  0%| F|  |TAMS 0x000000061d600000, 0x000000061d600000| Untracked 
| 227|0x000000061d800000, 0x000000061d800000, 0x000000061da00000|  0%| F|  |TAMS 0x000000061d800000, 0x000000061d800000| Untracked 
| 228|0x000000061da00000, 0x000000061da00000, 0x000000061dc00000|  0%| F|  |TAMS 0x000000061da00000, 0x000000061da00000| Untracked 
| 229|0x000000061dc00000, 0x000000061dc00000, 0x000000061de00000|  0%| F|  |TAMS 0x000000061dc00000, 0x000000061dc00000| Untracked 
| 230|0x000000061de00000, 0x000000061de00000, 0x000000061e000000|  0%| F|  |TAMS 0x000000061de00000, 0x000000061de00000| Untracked 
| 231|0x000000061e000000, 0x000000061e000000, 0x000000061e200000|  0%| F|  |TAMS 0x000000061e000000, 0x000000061e000000| Untracked 
| 232|0x000000061e200000, 0x000000061e200000, 0x000000061e400000|  0%| F|  |TAMS 0x000000061e200000, 0x000000061e200000| Untracked 
| 233|0x000000061e400000, 0x000000061e400000, 0x000000061e600000|  0%| F|  |TAMS 0x000000061e400000, 0x000000061e400000| Untracked 
| 234|0x000000061e600000, 0x000000061e600000, 0x000000061e800000|  0%| F|  |TAMS 0x000000061e600000, 0x000000061e600000| Untracked 
| 235|0x000000061e800000, 0x000000061e800000, 0x000000061ea00000|  0%| F|  |TAMS 0x000000061e800000, 0x000000061e800000| Untracked 
| 236|0x000000061ea00000, 0x000000061ea00000, 0x000000061ec00000|  0%| F|  |TAMS 0x000000061ea00000, 0x000000061ea00000| Untracked 
| 237|0x000000061ec00000, 0x000000061ec00000, 0x000000061ee00000|  0%| F|  |TAMS 0x000000061ec00000, 0x000000061ec00000| Untracked 
| 238|0x000000061ee00000, 0x000000061ee00000, 0x000000061f000000|  0%| F|  |TAMS 0x000000061ee00000, 0x000000061ee00000| Untracked 
| 239|0x000000061f000000, 0x000000061f000000, 0x000000061f200000|  0%| F|  |TAMS 0x000000061f000000, 0x000000061f000000| Untracked 
| 240|0x000000061f200000, 0x000000061f200000, 0x000000061f400000|  0%| F|  |TAMS 0x000000061f200000, 0x000000061f200000| Untracked 
| 241|0x000000061f400000, 0x000000061f400000, 0x000000061f600000|  0%| F|  |TAMS 0x000000061f400000, 0x000000061f400000| Untracked 
| 242|0x000000061f600000, 0x000000061f600000, 0x000000061f800000|  0%| F|  |TAMS 0x000000061f600000, 0x000000061f600000| Untracked 
| 243|0x000000061f800000, 0x000000061f800000, 0x000000061fa00000|  0%| F|  |TAMS 0x000000061f800000, 0x000000061f800000| Untracked 
| 244|0x000000061fa00000, 0x000000061fa00000, 0x000000061fc00000|  0%| F|  |TAMS 0x000000061fa00000, 0x000000061fa00000| Untracked 
| 245|0x000000061fc00000, 0x000000061fc00000, 0x000000061fe00000|  0%| F|  |TAMS 0x000000061fc00000, 0x000000061fc00000| Untracked 
| 246|0x000000061fe00000, 0x000000061fe00000, 0x0000000620000000|  0%| F|  |TAMS 0x000000061fe00000, 0x000000061fe00000| Untracked 
| 247|0x0000000620000000, 0x0000000620000000, 0x0000000620200000|  0%| F|  |TAMS 0x0000000620000000, 0x0000000620000000| Untracked 
| 248|0x0000000620200000, 0x0000000620200000, 0x0000000620400000|  0%| F|  |TAMS 0x0000000620200000, 0x0000000620200000| Untracked 
| 249|0x0000000620400000, 0x0000000620400000, 0x0000000620600000|  0%| F|  |TAMS 0x0000000620400000, 0x0000000620400000| Untracked 
| 250|0x0000000620600000, 0x0000000620600000, 0x0000000620800000|  0%| F|  |TAMS 0x0000000620600000, 0x0000000620600000| Untracked 
| 251|0x0000000620800000, 0x0000000620800000, 0x0000000620a00000|  0%| F|  |TAMS 0x0000000620800000, 0x0000000620800000| Untracked 
| 252|0x0000000620a00000, 0x0000000620bf8db8, 0x0000000620c00000| 98%| E|  |TAMS 0x0000000620a00000, 0x0000000620a00000| Complete 
| 253|0x0000000620c00000, 0x0000000620e00000, 0x0000000620e00000|100%| E|CS|TAMS 0x0000000620c00000, 0x0000000620c00000| Complete 
| 254|0x0000000620e00000, 0x0000000621000000, 0x0000000621000000|100%| E|CS|TAMS 0x0000000620e00000, 0x0000000620e00000| Complete 
| 255|0x0000000621000000, 0x0000000621200000, 0x0000000621200000|100%| E|CS|TAMS 0x0000000621000000, 0x0000000621000000| Complete 

Card table byte_map: [0x0000012034690000,0x0000012035690000] _byte_map_base: 0x0000012031687000

Marking Bits (Prev, Next): (CMBitMap*) 0x0000012019329c28, (CMBitMap*) 0x0000012019329c60
 Prev Bits: [0x0000012036690000, 0x000001203e648000)
 Next Bits: [0x000001203e650000, 0x0000012046608000)

Polling page: 0x0000012018ec0000

Metaspace:

Usage:
  Non-class:      7.54 MB capacity,     7.43 MB ( 99%) used,    98.89 KB (  1%) free+waste,     8.81 KB ( <1%) overhead. 
      Class:    737.00 KB capacity,   679.96 KB ( 92%) used,    52.85 KB (  7%) free+waste,     4.19 KB ( <1%) overhead. 
       Both:      8.25 MB capacity,     8.09 MB ( 98%) used,   151.74 KB (  2%) free+waste,    13.00 KB ( <1%) overhead. 

Virtual space:
  Non-class space:        8.00 MB reserved,       7.75 MB ( 97%) committed 
      Class space:        1.00 GB reserved,     768.00 KB ( <1%) committed 
             Both:        1.01 GB reserved,       8.50 MB ( <1%) committed 

Chunk freelists:
   Non-Class:  28.00 KB
       Class:  31.00 KB
        Both:  59.00 KB

MaxMetaspaceSize: 17179869184.00 GB
CompressedClassSpaceSize: 1.00 GB
Initial GC threshold: 20.80 MB
Current GC threshold: 20.80 MB
CDS: off

CodeHeap 'non-profiled nmethods': size=119168Kb used=185Kb max_used=185Kb free=118982Kb
 bounds [0x000001202ad30000, 0x000001202afa0000, 0x0000012032190000]
CodeHeap 'profiled nmethods': size=119168Kb used=973Kb max_used=973Kb free=118194Kb
 bounds [0x00000120238d0000, 0x0000012023b40000, 0x000001202ad30000]
CodeHeap 'non-nmethods': size=7424Kb used=2598Kb max_used=2610Kb free=4825Kb
 bounds [0x0000012023190000, 0x0000012023420000, 0x00000120238d0000]
 total_blobs=1455 nmethods=620 adapters=746
 compilation: enabled
              stopped_count=0, restarted_count=0
 full_count=0

Compilation events (20 events):
Event: 0.166 Thread 0x000001204a0f2000 nmethod 610 0x00000120239bb010 code [0x00000120239bb1c0, 0x00000120239bb378]
Event: 0.166 Thread 0x000001204a0f2000  605       1       java.lang.reflect.Field::getRoot (5 bytes)
Event: 0.166 Thread 0x000001204acb0800 nmethod 612 0x00000120239c1a90 code [0x00000120239c1c40, 0x00000120239c1d38]
Event: 0.166 Thread 0x000001204acb0800  606       1       java.lang.reflect.Field::getDeclaringClass (5 bytes)
Event: 0.166 Thread 0x000001204a0f2000 nmethod 605 0x000001202ad5bb10 code [0x000001202ad5bcc0, 0x000001202ad5bd78]
Event: 0.166 Thread 0x000001204a0f2000  600       3       jdk.internal.misc.VM::initLevel (4 bytes)
Event: 0.166 Thread 0x000001204acb0800 nmethod 606 0x000001202ad5be10 code [0x000001202ad5bfc0, 0x000001202ad5c078]
Event: 0.167 Thread 0x000001204a0f2000 nmethod 600 0x00000120239c1d90 code [0x00000120239c1f40, 0x00000120239c2038]
Event: 0.167 Thread 0x0000012049f78000 nmethod 587 0x00000120239bb490 code [0x00000120239bbb80, 0x00000120239bf8a8]
Event: 0.167 Thread 0x000001204acb0800  613       3       sun.misc.Unsafe::putByte (9 bytes)
Event: 0.167 Thread 0x000001204a0f2000  614       3       jdk.internal.misc.Unsafe::putByte (8 bytes)
Event: 0.167 Thread 0x0000012049f6a000 nmethod 546 0x000001202ad5c590 code [0x000001202ad5c760, 0x000001202ad5d2a8]
Event: 0.167 Thread 0x000001204a0f2000 nmethod 614 0x00000120239c2090 code [0x00000120239c2240, 0x00000120239c2358]
Event: 0.167 Thread 0x000001204acb0800 nmethod 613 0x00000120239c2410 code [0x00000120239c25c0, 0x00000120239c2738]
Event: 0.167 Thread 0x0000012049f78000  616       3       sun.misc.Unsafe::putInt (11 bytes)
Event: 0.167 Thread 0x0000012049f78000 nmethod 616 0x00000120239c2810 code [0x00000120239c29c0, 0x00000120239c2ab8]
Event: 0.167 Thread 0x000001204a0f2000  619       3       org.lwjgl.system.MemoryUtil::encodeASCII (66 bytes)
Event: 0.167 Thread 0x000001204a0f2000 nmethod 619 0x00000120239c2b90 code [0x00000120239c2da0, 0x00000120239c3338]
Event: 0.170 Thread 0x000001204a15c000  620       4       java.lang.System::getSecurityManager (4 bytes)
Event: 0.171 Thread 0x000001204a15c000 nmethod 620 0x000001202ad5e290 code [0x000001202ad5e420, 0x000001202ad5e478]

GC Heap History (0 events):
No events

Deoptimization events (18 events):
Event: 0.060 Thread 0x000001201929d800 Uncommon trap: trap_request=0xffffff4d fr.pc=0x000001202ad31914 relative=0x0000000000000074
Event: 0.060 Thread 0x000001201929d800 Uncommon trap: reason=unstable_if action=reinterpret pc=0x000001202ad31914 method=java.lang.String.isLatin1()Z @ 10 c2
Event: 0.060 Thread 0x000001201929d800 DEOPT PACKING pc=0x000001202ad31914 sp=0x0000001d911fee00
Event: 0.060 Thread 0x000001201929d800 DEOPT UNPACKING pc=0x00000120231da1af sp=0x0000001d911fed40 mode 2
Event: 0.061 Thread 0x000001201929d800 Uncommon trap: trap_request=0xffffff4d fr.pc=0x000001202ad34e20 relative=0x0000000000000200
Event: 0.061 Thread 0x000001201929d800 Uncommon trap: reason=unstable_if action=reinterpret pc=0x000001202ad34e20 method=java.lang.String.hashCode()I @ 14 c2
Event: 0.061 Thread 0x000001201929d800 DEOPT PACKING pc=0x000001202ad34e20 sp=0x0000001d911fd640
Event: 0.061 Thread 0x000001201929d800 DEOPT UNPACKING pc=0x00000120231da1af sp=0x0000001d911fd5d8 mode 2
Event: 0.102 Thread 0x000001201929d800 DEOPT PACKING pc=0x0000012023913d68 sp=0x0000001d911fe290
Event: 0.102 Thread 0x000001201929d800 DEOPT UNPACKING pc=0x00000120231da95e sp=0x0000001d911fd6e8 mode 0
Event: 0.103 Thread 0x000001201929d800 Uncommon trap: trap_request=0xffffff4d fr.pc=0x000001202ad3cd80 relative=0x0000000000000060
Event: 0.103 Thread 0x000001201929d800 Uncommon trap: reason=unstable_if action=reinterpret pc=0x000001202ad3cd80 method=java.io.WinNTFileSystem.isSlash(C)Z @ 9 c2
Event: 0.103 Thread 0x000001201929d800 DEOPT PACKING pc=0x000001202ad3cd80 sp=0x0000001d911fe2e0
Event: 0.103 Thread 0x000001201929d800 DEOPT UNPACKING pc=0x00000120231da1af sp=0x0000001d911fe268 mode 2
Event: 0.118 Thread 0x000001201929d800 DEOPT PACKING pc=0x0000012023915e42 sp=0x0000001d911fd2d0
Event: 0.118 Thread 0x000001201929d800 DEOPT UNPACKING pc=0x00000120231da95e sp=0x0000001d911fc738 mode 0
Event: 0.119 Thread 0x000001201929d800 DEOPT PACKING pc=0x00000120238ffcd0 sp=0x0000001d911fc670
Event: 0.119 Thread 0x000001201929d800 DEOPT UNPACKING pc=0x00000120231da95e sp=0x0000001d911fbaf8 mode 0

Classes redefined (0 events):
No events

Internal exceptions (20 events):
Event: 0.133 Thread 0x000001201929d800 Exception <a 'java/security/PrivilegedActionException'{0x0000000620d63660}> (0x0000000620d63660) thrown at [./src/hotspot/share/prims/jvm.cpp, line 1306]
Event: 0.133 Thread 0x000001201929d800 Exception <a 'java/security/PrivilegedActionException'{0x0000000620d63930}> (0x0000000620d63930) thrown at [./src/hotspot/share/prims/jvm.cpp, line 1306]
Event: 0.134 Thread 0x000001201929d800 Exception <a 'java/security/PrivilegedActionException'{0x0000000620d664f8}> (0x0000000620d664f8) thrown at [./src/hotspot/share/prims/jvm.cpp, line 1306]
Event: 0.134 Thread 0x000001201929d800 Exception <a 'java/security/PrivilegedActionException'{0x0000000620d667c8}> (0x0000000620d667c8) thrown at [./src/hotspot/share/prims/jvm.cpp, line 1306]
Event: 0.146 Thread 0x000001201929d800 Exception <a 'sun/nio/fs/WindowsException'{0x0000000620daa2c0}> (0x0000000620daa2c0) thrown at [./src/hotspot/share/prims/jni.cpp, line 616]
Event: 0.146 Thread 0x000001201929d800 Exception <a 'sun/nio/fs/WindowsException'{0x0000000620daa818}> (0x0000000620daa818) thrown at [./src/hotspot/share/prims/jni.cpp, line 616]
Event: 0.154 Thread 0x000001201929d800 Exception <a 'java/security/PrivilegedActionException'{0x0000000620a133f8}> (0x0000000620a133f8) thrown at [./src/hotspot/share/prims/jvm.cpp, line 1306]
Event: 0.154 Thread 0x000001201929d800 Exception <a 'java/security/PrivilegedActionException'{0x0000000620a136c8}> (0x0000000620a136c8) thrown at [./src/hotspot/share/prims/jvm.cpp, line 1306]
Event: 0.154 Thread 0x000001201929d800 Exception <a 'java/security/PrivilegedActionException'{0x0000000620a154d0}> (0x0000000620a154d0) thrown at [./src/hotspot/share/prims/jvm.cpp, line 1306]
Event: 0.154 Thread 0x000001201929d800 Exception <a 'java/security/PrivilegedActionException'{0x0000000620a157a0}> (0x0000000620a157a0) thrown at [./src/hotspot/share/prims/jvm.cpp, line 1306]
Event: 0.154 Thread 0x000001201929d800 Exception <a 'java/security/PrivilegedActionException'{0x0000000620a181a0}> (0x0000000620a181a0) thrown at [./src/hotspot/share/prims/jvm.cpp, line 1306]
Event: 0.154 Thread 0x000001201929d800 Exception <a 'java/security/PrivilegedActionException'{0x0000000620a18470}> (0x0000000620a18470) thrown at [./src/hotspot/share/prims/jvm.cpp, line 1306]
Event: 0.154 Thread 0x000001201929d800 Exception <a 'java/security/PrivilegedActionException'{0x0000000620a1a2b0}> (0x0000000620a1a2b0) thrown at [./src/hotspot/share/prims/jvm.cpp, line 1306]
Event: 0.154 Thread 0x000001201929d800 Exception <a 'java/security/PrivilegedActionException'{0x0000000620a1a580}> (0x0000000620a1a580) thrown at [./src/hotspot/share/prims/jvm.cpp, line 1306]
Event: 0.154 Thread 0x000001201929d800 Exception <a 'java/security/PrivilegedActionException'{0x0000000620a1c3c0}> (0x0000000620a1c3c0) thrown at [./src/hotspot/share/prims/jvm.cpp, line 1306]
Event: 0.154 Thread 0x000001201929d800 Exception <a 'java/security/PrivilegedActionException'{0x0000000620a1c690}> (0x0000000620a1c690) thrown at [./src/hotspot/share/prims/jvm.cpp, line 1306]
Event: 0.155 Thread 0x000001201929d800 Exception <a 'java/security/PrivilegedActionException'{0x0000000620a1f090}> (0x0000000620a1f090) thrown at [./src/hotspot/share/prims/jvm.cpp, line 1306]
Event: 0.155 Thread 0x000001201929d800 Exception <a 'java/security/PrivilegedActionException'{0x0000000620a1f360}> (0x0000000620a1f360) thrown at [./src/hotspot/share/prims/jvm.cpp, line 1306]
Event: 0.163 Thread 0x000001201929d800 Exception <a 'sun/nio/fs/WindowsException'{0x0000000620b22110}> (0x0000000620b22110) thrown at [./src/hotspot/share/prims/jni.cpp, line 616]
Event: 0.163 Thread 0x000001201929d800 Exception <a 'sun/nio/fs/WindowsException'{0x0000000620b22480}> (0x0000000620b22480) thrown at [./src/hotspot/share/prims/jni.cpp, line 616]

Events (20 events):
Event: 0.160 loading class org/lwjgl/system/StructBuffer
Event: 0.160 loading class org/lwjgl/system/StructBuffer done
Event: 0.163 loading class org/lwjgl/system/APIUtil$1
Event: 0.163 loading class org/lwjgl/system/APIUtil$1 done
Event: 0.163 loading class java/lang/NoSuchFieldError
Event: 0.164 loading class java/lang/NoSuchFieldError done
Event: 0.164 loading class org/lwjgl/system/windows/WindowsLibrary
Event: 0.164 loading class org/lwjgl/system/windows/WindowsLibrary done
Event: 0.164 loading class org/lwjgl/system/SharedLibrary$Default
Event: 0.164 loading class org/lwjgl/system/SharedLibrary$Default done
Event: 0.164 loading class org/lwjgl/system/windows/WinBase
Event: 0.164 loading class org/lwjgl/system/windows/WinBase done
Event: 0.165 loading class jdk/internal/reflect/UnsafeQualifiedStaticIntegerFieldAccessorImpl
Event: 0.165 loading class jdk/internal/reflect/UnsafeQualifiedStaticIntegerFieldAccessorImpl done
Event: 0.166 loading class org/lwjgl/glfw/GLFW$Functions
Event: 0.166 loading class org/lwjgl/glfw/GLFW$Functions done
Event: 0.167 loading class org/lwjgl/system/JNI
Event: 0.167 loading class org/lwjgl/system/JNI done
Event: 0.260 loading class org/lwjgl/glfw/EventLoop$OffScreen
Event: 0.260 loading class org/lwjgl/glfw/EventLoop$OffScreen done


Dynamic libraries:
0x00007ff675c40000 - 0x00007ff675c4d000 	C:\Users\Conno\.jdks\corretto-11.0.13\bin\java.exe
0x00007ffaa8f90000 - 0x00007ffaa9187000 	C:\Windows\SYSTEM32\ntdll.dll
0x00007ffaa7650000 - 0x00007ffaa770d000 	C:\Windows\System32\KERNEL32.DLL
0x00007ffaa67b0000 - 0x00007ffaa6a7d000 	C:\Windows\System32\KERNELBASE.dll
0x00007ffaa66b0000 - 0x00007ffaa67b0000 	C:\Windows\System32\ucrtbase.dll
0x00007ffa8f3e0000 - 0x00007ffa8f3f9000 	C:\Users\Conno\.jdks\corretto-11.0.13\bin\VCRUNTIME140.dll
0x00007ffa8f8d0000 - 0x00007ffa8f8e7000 	C:\Users\Conno\.jdks\corretto-11.0.13\bin\jli.dll
0x00007ffaa8420000 - 0x00007ffaa85c0000 	C:\Windows\System32\USER32.dll
0x00007ffaa6bc0000 - 0x00007ffaa6be2000 	C:\Windows\System32\win32u.dll
0x00007ffa988e0000 - 0x00007ffa98b7a000 	C:\Windows\WinSxS\amd64_microsoft.windows.common-controls_6595b64144ccf1df_6.0.19041.1110_none_60b5254171f9507e\COMCTL32.dll
0x00007ffaa8e10000 - 0x00007ffaa8eae000 	C:\Windows\System32\msvcrt.dll
0x00007ffaa7620000 - 0x00007ffaa764a000 	C:\Windows\System32\GDI32.dll
0x00007ffaa6e40000 - 0x00007ffaa6f4b000 	C:\Windows\System32\gdi32full.dll
0x00007ffaa6da0000 - 0x00007ffaa6e3d000 	C:\Windows\System32\msvcp_win.dll
0x00007ffaa85c0000 - 0x00007ffaa85f0000 	C:\Windows\System32\IMM32.DLL
0x00007ffa48d30000 - 0x00007ffa48dcb000 	C:\Users\Conno\.jdks\corretto-11.0.13\bin\msvcp140.dll
0x00007ff9ef830000 - 0x00007ff9f03af000 	C:\Users\Conno\.jdks\corretto-11.0.13\bin\server\jvm.dll
0x00007ffaa8a60000 - 0x00007ffaa8b0e000 	C:\Windows\System32\ADVAPI32.dll
0x00007ffaa8eb0000 - 0x00007ffaa8f4c000 	C:\Windows\System32\sechost.dll
0x00007ffaa7720000 - 0x00007ffaa7845000 	C:\Windows\System32\RPCRT4.dll
0x00007ffaa8b10000 - 0x00007ffaa8b18000 	C:\Windows\System32\PSAPI.DLL
0x00007ffa9e390000 - 0x00007ffa9e39a000 	C:\Windows\SYSTEM32\VERSION.dll
0x00007ffa8fe80000 - 0x00007ffa8fe89000 	C:\Windows\SYSTEM32\WSOCK32.dll
0x00007ffa9acf0000 - 0x00007ffa9ad17000 	C:\Windows\SYSTEM32\WINMM.dll
0x00007ffaa75b0000 - 0x00007ffaa761b000 	C:\Windows\System32\WS2_32.dll
0x00007ffaa45d0000 - 0x00007ffaa45e2000 	C:\Windows\SYSTEM32\kernel.appcore.dll
0x00007ffa93e30000 - 0x00007ffa93e40000 	C:\Users\Conno\.jdks\corretto-11.0.13\bin\verify.dll
0x00007ffa99550000 - 0x00007ffa99734000 	C:\Windows\SYSTEM32\DBGHELP.DLL
0x00007ffa92440000 - 0x00007ffa9246c000 	C:\Windows\SYSTEM32\dbgcore.DLL
0x00007ffaa6a80000 - 0x00007ffaa6b02000 	C:\Windows\System32\bcryptPrimitives.dll
0x00007ffa8dfc0000 - 0x00007ffa8dfe8000 	C:\Users\Conno\.jdks\corretto-11.0.13\bin\java.dll
0x00007ffa93d00000 - 0x00007ffa93d0a000 	C:\Users\Conno\.jdks\corretto-11.0.13\bin\jimage.dll
0x00007ffa8e050000 - 0x00007ffa8e067000 	C:\Users\Conno\.jdks\corretto-11.0.13\bin\zip.dll
0x00007ffaa7b00000 - 0x00007ffaa8244000 	C:\Windows\System32\SHELL32.dll
0x00007ffaa47d0000 - 0x00007ffaa4f64000 	C:\Windows\SYSTEM32\windows.storage.dll
0x00007ffaa7250000 - 0x00007ffaa75a4000 	C:\Windows\System32\combase.dll
0x00007ffaa6110000 - 0x00007ffaa613c000 	C:\Windows\SYSTEM32\Wldp.dll
0x00007ffaa7a50000 - 0x00007ffaa7afd000 	C:\Windows\System32\SHCORE.dll
0x00007ffaa7850000 - 0x00007ffaa78a5000 	C:\Windows\System32\shlwapi.dll
0x00007ffaa65f0000 - 0x00007ffaa660f000 	C:\Windows\SYSTEM32\profapi.dll
0x00007ffa86a10000 - 0x00007ffa86a29000 	C:\Users\Conno\.jdks\corretto-11.0.13\bin\net.dll
0x00007ffaa0370000 - 0x00007ffaa047a000 	C:\Windows\SYSTEM32\WINHTTP.dll
0x00007ffaa5e70000 - 0x00007ffaa5eda000 	C:\Windows\system32\mswsock.dll
0x00007ffa83970000 - 0x00007ffa83982000 	C:\Users\Conno\.jdks\corretto-11.0.13\bin\nio.dll
0x00007ffa7b5e0000 - 0x00007ffa7b644000 	C:\Users\Conno\AppData\Local\Temp\lwjglConno\3.2.3-build-13\lwjgl.dll
0x00007ffa6fe80000 - 0x00007ffa6fee2000 	C:\Users\Conno\AppData\Local\Temp\lwjglConno\3.2.3-build-13\glfw.dll
0x00007ffaa4050000 - 0x00007ffaa40ee000 	C:\Windows\system32\uxtheme.dll
0x00007ffa93d40000 - 0x00007ffa93d85000 	C:\Windows\SYSTEM32\dinput8.dll
0x00007ffa7d3e0000 - 0x00007ffa7d3f1000 	C:\Windows\SYSTEM32\xinput1_4.dll
0x00007ffaa6bf0000 - 0x00007ffaa6c3e000 	C:\Windows\System32\cfgmgr32.dll
0x00007ffaa6480000 - 0x00007ffaa64ac000 	C:\Windows\SYSTEM32\DEVOBJ.dll
0x00007ffaa42e0000 - 0x00007ffaa430f000 	C:\Windows\SYSTEM32\dwmapi.dll
0x00007ffa7ddd0000 - 0x00007ffa7df22000 	C:\Windows\SYSTEM32\inputhost.dll
0x00007ffaa7180000 - 0x00007ffaa724d000 	C:\Windows\System32\OLEAUT32.dll
0x00007ffaa1e20000 - 0x00007ffaa1f16000 	C:\Windows\SYSTEM32\PROPSYS.dll
0x00007ffaa3080000 - 0x00007ffaa31d4000 	C:\Windows\SYSTEM32\wintypes.dll
0x00007ffaa3c00000 - 0x00007ffaa3cf2000 	C:\Windows\SYSTEM32\CoreMessaging.dll
0x00007ffaa38a0000 - 0x00007ffaa3bfe000 	C:\Windows\SYSTEM32\CoreUIComponents.dll
0x00007ffaa53b0000 - 0x00007ffaa53e3000 	C:\Windows\SYSTEM32\ntmarta.dll
0x0000000180000000 - 0x0000000180272000 	C:\Program Files (x86)\RivaTuner Statistics Server\RTSSHooks64.dll
0x00007ffaa8250000 - 0x00007ffaa8365000 	C:\Windows\System32\MSCTF.dll
0x00007ffaa4f70000 - 0x00007ffaa4f7d000 	C:\Windows\SYSTEM32\HID.DLL
0x00007ffaa85f0000 - 0x00007ffaa8a5f000 	C:\Windows\System32\SETUPAPI.DLL
0x00007ffaa6f50000 - 0x00007ffaa6f77000 	C:\Windows\System32\bcrypt.dll
0x00007ffaa6f80000 - 0x00007ffaa6fe7000 	C:\Windows\System32\WINTRUST.dll
0x00007ffaa6c40000 - 0x00007ffaa6d96000 	C:\Windows\System32\CRYPT32.dll
0x00007ffaa62a0000 - 0x00007ffaa62b2000 	C:\Windows\SYSTEM32\MSASN1.dll

dbghelp: loaded successfully - version: 4.0.5 - missing functions: none
symbol engine: initialized successfully - sym options: 0x614 - pdb path: .;C:\Users\Conno\.jdks\corretto-11.0.13\bin;C:\Windows\SYSTEM32;C:\Windows\WinSxS\amd64_microsoft.windows.common-controls_6595b64144ccf1df_6.0.19041.1110_none_60b5254171f9507e;C:\Users\Conno\.jdks\corretto-11.0.13\bin\server;C:\Users\Conno\AppData\Local\Temp\lwjglConno\3.2.3-build-13;C:\Program Files (x86)\RivaTuner Statistics Server

VM Arguments:
jvm_args: -Dfile.encoding=windows-1252 -Duser.country=US -Duser.language=en -Duser.variant -ea 
java_command: Main
java_class_path (initial): G:\Mario\build\classes\java\main;G:\Mario\build\resources\main;G:\Mario\libs\jbox2d-library.jar;C:\Users\Conno\.gradle\caches\modules-2\files-2.1\com.google.code.gson\gson\2.8.9\8a432c1d6825781e21a02db2e2c33c5fde2833b9\gson-2.8.9.jar;C:\Users\Conno\.gradle\caches\modules-2\files-2.1\io.github.spair\imgui-java-app\1.81.0\37a0be053a63da53c3628b3d6186ccbd380f7106\imgui-java-app-1.81.0.jar;C:\Users\Conno\.gradle\caches\modules-2\files-2.1\io.github.spair\imgui-java-lwjgl3\1.81.0\6c92680fc6e9951532445ecc35b44f2d4cd82d76\imgui-java-lwjgl3-1.81.0.jar;C:\Users\Conno\.gradle\caches\modules-2\files-2.1\org.lwjgl\lwjgl-assimp\3.2.3\f62aa07a20afbdd3097efc296c4841e0d29700eb\lwjgl-assimp-3.2.3.jar;C:\Users\Conno\.gradle\caches\modules-2\files-2.1\org.lwjgl\lwjgl-assimp\3.2.3\4e60aeb75f0343c4a9ede4ef8b6b32ca702a00a3\lwjgl-assimp-3.2.3-natives-windows.jar;C:\Users\Conno\.gradle\caches\modules-2\files-2.1\org.lwjgl\lwjgl-glfw\3.2.3\5e520d5c290c8b012545a8d34fa5db5ab051ea53\lwjgl-glfw-3.2.3.jar;C:\Users\Conno\.gradle\caches\modules-2\files-2.1\org.lwjgl\lwjgl-glfw\3.2.3\b4d8a3477cdc2edcf7a5f1e822926be846223f54\lwjgl-glfw-3.2.3-natives-windows.jar;C:\Users\Conno\.gradle\caches\modules-2\files-2.1\org.lwjgl\lwjgl-glfw\3.2.3\62b044d9b0a057444bef2ab70b9afc288ec09dba\lwjgl-glfw-3.2.3-natives-linux.jar;C:\Users\Conno\.gradle\caches\modules-2\files-2.1\org.lwjgl\lwjgl-glfw\3.2.3\58661272eacb9116336c88b4aadccf1f17c09b\lwjgl-glfw-3.2.3-natives-macos.jar;C:\Users\Conno\.gradle\caches\modules-2\files-2.1\org.lwjgl\lwjgl-nfd\3.2.3\c44fee1043c022cf6614a28872d44cf114ca7737\lwjgl-nfd-3.2.3.jar;C:\Users\Conno\.gradle\caches\modules-2\files-2.1\org.lwjgl\lwjgl-nfd\3.2.3\32782f5f5c57769efb82af864e70b819c77bc891\lwjgl-nfd-3.2.3-natives-windows.jar;C:\Users\Conno\.gradle\caches\modules-2\files-2.1\org.lwjgl\lwjgl-openal\3.2.3\106742e805803ab9eab8e343f0fb31a3d263903c\lwjgl-openal-3.2.3.jar;C:\Users\Conno\.gradle\caches\modules-2\files-2.1\org.lwjgl\lwjgl-openal\3.2.3\ec898e8ce
Launcher Type: SUN_STANDARD

[Global flags]
     intx CICompilerCount                          = 12                                        {product} {ergonomic}
     uint ConcGCThreads                            = 5                                         {product} {ergonomic}
     uint G1ConcRefinementThreads                  = 18                                        {product} {ergonomic}
   size_t G1HeapRegionSize                         = 2097152                                   {product} {ergonomic}
    uintx GCDrainStackTargetSize                   = 64                                        {product} {ergonomic}
   size_t InitialHeapSize                          = 536870912                                 {product} {ergonomic}
   size_t MarkStackSize                            = 4194304                                   {product} {ergonomic}
   size_t MaxHeapSize                              = 8571060224                                {product} {ergonomic}
   size_t MaxNewSize                               = 5142216704                                {product} {ergonomic}
   size_t MinHeapDeltaBytes                        = 2097152                                   {product} {ergonomic}
    uintx NonNMethodCodeHeapSize                   = 7594288                                {pd product} {ergonomic}
    uintx NonProfiledCodeHeapSize                  = 122031976                              {pd product} {ergonomic}
    uintx ProfiledCodeHeapSize                     = 122031976                              {pd product} {ergonomic}
    uintx ReservedCodeCacheSize                    = 251658240                              {pd product} {ergonomic}
     bool SegmentedCodeCache                       = true                                      {product} {ergonomic}
     bool UseCompressedClassPointers               = true                                 {lp64_product} {ergonomic}
     bool UseCompressedOops                        = true                                 {lp64_product} {ergonomic}
     bool UseG1GC                                  = true                                      {product} {ergonomic}
     bool UseLargePagesIndividualAllocation        = false                                  {pd product} {ergonomic}

Logging:
Log output configuration:
 #0: stdout all=warning uptime,level,tags
 #1: stderr all=off uptime,level,tags

Environment Variables:
PATH=C:\Program Files (x86)\Common Files\Oracle\Java\javapath;C:\Windows\system32;C:\Windows;C:\Windows\System32\Wbem;C:\Windows\System32\WindowsPowerShell\v1.0\;C:\Windows\System32\OpenSSH\;C:\Program Files\NVIDIA Corporation\NVIDIA NvDLISR;C:\Program Files (x86)\NVIDIA Corporation\PhysX\Common;C:\Program Files (x86)\Microsoft SQL Server\150\DTS\Binn\;C:\Program Files\Azure Data Studio\bin;C:\Users\Conno\AppData\Local\Microsoft\WindowsApps;C:\Program Files\JetBrains\IntelliJ IDEA Community Edition 2021.2.3\bin;;C:\Users\Conno\AppData\Local\Programs\Microsoft VS Code\bin;C:\Program Files\Azure Data Studio\bin
USERNAME=Conno
OS=Windows_NT
PROCESSOR_IDENTIFIER=AMD64 Family 25 Model 33 Stepping 0, AuthenticAMD



---------------  S Y S T E M  ---------------

OS: Windows 10 , 64 bit Build 19041 (10.0.19041.1741)
OS uptime: 1 days 10:50 hours

CPU:total 24 (initial active 24) (24 cores per cpu, 2 threads per core) family 25 model 33 stepping 0 microcode 0x0, cmov, cx8, fxsr, mmx, sse, sse2, sse3, ssse3, sse4.1, sse4.2, popcnt, avx, avx2, aes, clmul, erms, mmxext, 3dnowpref, lzcnt, sse4a, ht, tsc, tscinvbit, tscinv, bmi1, bmi2, adx, sha, fma

Memory: 4k page, system-wide physical 32693M (20518M free)
TotalPageFile size 37557M (AvailPageFile size 15458M)
current process WorkingSet (physical memory assigned to process): 69M, peak: 69M
current process commit charge ("private bytes"): 638M, peak: 638M

vm_info: OpenJDK 64-Bit Server VM (11.0.13+8-LTS) for windows-amd64 JRE (11.0.13+8-LTS), built on Oct 13 2021 21:32:06 by "Administrator" with unknown MS VC++:1916

END.
